{"name":"1632874630","hostname":"AOLIVEIRA-N","pid":4056,"level":20,"msg":"Sync server version: 1.2.4 2020-09-14 17:52:19 -0500 0aa4a9d288d4ecef4183f4fafe59fb95da7ae967","time":"2021-09-29T00:17:10.444Z","v":0}
{"name":"1632874630","hostname":"AOLIVEIRA-N","pid":4056,"level":30,"msg":"Acquiring actors for session 1632874630: ACTOR1","time":"2021-09-29T00:17:10.446Z","v":0}
{"name":"1632874630","hostname":"AOLIVEIRA-N","pid":4056,"level":30,"msg":"Session 1632874630 with label \"Teste Login 2\" started at 2021-09-29 00:17:10 UTC","time":"2021-09-29T00:17:10.447Z","v":0}
{"name":"1632874630","hostname":"AOLIVEIRA-N","pid":4056,"level":30,"actorType":"ACTOR1","actorId":"40988","time":"2021-09-29T00:17:13.886Z","msg":"Actor 40988 of type ACTOR1 was acquired by test session 1632874630","v":0}
{"name":"1632874630","hostname":"AOLIVEIRA-N","pid":4056,"level":20,"actorType":"ACTOR1","actorId":"40988","time":"2021-09-29T00:17:13.889Z","msg":"DEBUG: Test actor JAR versions:","v":0}
{"name":"1632874630","hostname":"AOLIVEIRA-N","pid":4056,"level":20,"actorType":"ACTOR1","actorId":"40988","time":"2021-09-29T00:17:13.891Z","msg":"DEBUG:   opentest-appium-0.0.1.jar: 2020-09-14 17:52 -0500 0.0.1-0aa4a9d288d4ecef4183f4fafe59fb95da7ae967","v":0}
{"name":"1632874630","hostname":"AOLIVEIRA-N","pid":4056,"level":20,"actorType":"ACTOR1","actorId":"40988","time":"2021-09-29T00:17:13.891Z","msg":"DEBUG:   opentest-base-0.0.1.jar: 2020-09-14 17:52 -0500 0.0.1-0aa4a9d288d4ecef4183f4fafe59fb95da7ae967","v":0}
{"name":"1632874630","hostname":"AOLIVEIRA-N","pid":4056,"level":20,"actorType":"ACTOR1","actorId":"40988","time":"2021-09-29T00:17:13.892Z","msg":"DEBUG:   opentest-selenium-0.0.1.jar: 2020-09-14 17:52 -0500 0.0.1-0aa4a9d288d4ecef4183f4fafe59fb95da7ae967","v":0}
{"name":"1632874630","hostname":"AOLIVEIRA-N","pid":4056,"level":40,"actorType":"ACTOR1","actorId":"40988","time":"2021-09-29T00:17:13.893Z","msg":"WARN: Failed to log extension JARs","v":0}
{"name":"1632874630","hostname":"AOLIVEIRA-N","pid":4056,"level":30,"actorType":"ACTOR1","actorId":"40988","time":"2021-09-29T00:17:13.938Z","msg":"==================== ACTOR1: web/Login Page ====================","v":0}
{"name":"1632874630","hostname":"AOLIVEIRA-N","pid":4056,"level":30,"actorType":"ACTOR1","actorId":"40988","time":"2021-09-29T00:17:13.938Z","msg":"Actor ACTOR1 started executing test web/Login Page...","v":0}
{"name":"1632874630","hostname":"AOLIVEIRA-N","pid":4056,"level":30,"actorType":"ACTOR1","actorId":"40988","time":"2021-09-29T00:17:13.968Z","msg":"Executing segment 1 of test web/Login Page...","v":0}
{"name":"1632874630","hostname":"AOLIVEIRA-N","pid":4056,"level":30,"actorType":"ACTOR1","actorId":"40988","time":"2021-09-29T00:17:13.969Z","msg":"Evaluating action 1/4 (org.getopentest.selenium.NavigateTo) in segment 1 (Navigate to the login page)...","v":0}
{"name":"1632874630","hostname":"AOLIVEIRA-N","pid":4056,"level":10,"actorType":"ACTOR1","actorId":"40988","time":"2021-09-29T00:17:13.969Z","msg":"TRACE: Initializing action org.getopentest.selenium.NavigateTo...","v":0}
{"name":"1632874630","hostname":"AOLIVEIRA-N","pid":4056,"level":30,"actorType":"ACTOR1","actorId":"40988","time":"2021-09-29T00:17:13.97Z","msg":"Using local Selenium server","v":0}
{"name":"1632874630","hostname":"AOLIVEIRA-N","pid":4056,"level":10,"actorType":"ACTOR1","actorId":"40988","time":"2021-09-29T00:17:13.971Z","msg":"TRACE: Setting system property \"webdriver.chrome.driver\" to \"C:/Selenium/chromedriver.exe\"","v":0}
{"name":"1632874630","hostname":"AOLIVEIRA-N","pid":4056,"level":30,"actorType":"ACTOR1","actorId":"40988","time":"2021-09-29T00:17:23Z","msg":"Executing action org.getopentest.selenium.NavigateTo with arguments {\"url\":\"https://localhost:4200\"}...","v":0}
{"name":"1632874630","hostname":"AOLIVEIRA-N","pid":4056,"level":30,"actorType":"ACTOR1","actorId":"40988","time":"2021-09-29T00:17:23.406Z","msg":"Evaluating action 2/4 (org.getopentest.selenium.SendKeys) in segment 1 (Insert User)...","v":0}
{"name":"1632874630","hostname":"AOLIVEIRA-N","pid":4056,"level":10,"actorType":"ACTOR1","actorId":"40988","time":"2021-09-29T00:17:23.406Z","msg":"TRACE: Initializing action org.getopentest.selenium.SendKeys...","v":0}
{"name":"1632874630","hostname":"AOLIVEIRA-N","pid":4056,"level":30,"actorType":"ACTOR1","actorId":"40988","time":"2021-09-29T00:17:23.407Z","msg":"Executing action org.getopentest.selenium.SendKeys with arguments {\"locator\":{\"id\":\"InpLogin\"},\"text\":\"opentest\"}...","v":0}
{"name":"1632874630","hostname":"AOLIVEIRA-N","pid":4056,"level":30,"actorType":"ACTOR1","actorId":"40988","time":"2021-09-29T00:17:34.988Z","msg":"Captured screenshot at C:\\Users\\aoliveira\\source\\repos\\ttc front\\opentest\\actor1\\out\\screenshots\\SID1632874630_ACTOR1_T01_SG01_ST02_error.png","v":0}
{"name":"1632874630","hostname":"AOLIVEIRA-N","pid":4056,"level":50,"actorType":"ACTOR1","actorId":"40988","time":"2021-09-29T00:17:34.999Z","msg":"ERROR: java.lang.Exception: Failed executing test web/Login Page, segment 1\r\n\tat org.getopentest.base.TestActor.executeTestSegment(TestActor.java:2165)\r\n\tat org.getopentest.base.TestActor.runOneSession(TestActor.java:2981)\r\n\tat org.getopentest.base.TestActor.runOneSession(TestActor.java:3017)\r\n\tat org.getopentest.Main.main(Main.java:20)\r\nCaused by: java.lang.RuntimeException: There was an error while executing action no. 2 (org.getopentest.selenium.SendKeys) in segment 1 of test web/Login Page.\nThe action definition was:\n{\n  \"action\": \"org.getopentest.selenium.SendKeys\",\n  \"args\": {\n    \"locator\": {\n      \"id\": \"InpLogin\"\n    },\n    \"text\": \"opentest\"\n  },\n  \"description\": \"Insert User\"\n}\r\n\tat org.getopentest.base.TestActor.executeTestSegment(TestActor.java:2123)\r\n\t... 3 more\r\nCaused by: java.lang.RuntimeException: Failed executing action org.getopentest.selenium.SendKeys with arguments {\"locator\":{\"id\":\"InpLogin\"},\"text\":\"opentest\"}\r\n\tat org.getopentest.base.TestActor.executeActionByDef(TestActor.java:1821)\r\n\tat org.getopentest.base.TestActor.executeTestSegment(TestActor.java:2073)\r\n\t... 3 more\r\nCaused by: java.lang.RuntimeException: java.lang.RuntimeException: Failed sending keys to element By.id: InpLogin\r\n\tat org.getopentest.base.TestActor.executeActionByClassName(TestActor.java:1626)\r\n\tat org.getopentest.base.TestActor.executeActionByDef(TestActor.java:1705)\r\n\t... 4 more\r\nCaused by: java.lang.RuntimeException: Failed sending keys to element By.id: InpLogin\r\n\tat org.getopentest.selenium.SendKeys.run(SendKeys.java:45)\r\n\tat org.getopentest.base.TestActor.executeAction(TestActor.java:1527)\r\n\tat org.getopentest.base.TestActor.executeActionByClassName(TestActor.java:1603)\r\n\t... 5 more\r\nCaused by: org.openqa.selenium.TimeoutException: Expected condition failed: waiting for presence of element located by: By.id: InpLogin (tried for 10 second(s) with 500 milliseconds interval)\r\n\tat org.openqa.selenium.support.ui.WebDriverWait.timeoutException(WebDriverWait.java:95)\r\n\tat org.openqa.selenium.support.ui.FluentWait.until(FluentWait.java:272)\r\n\tat org.getopentest.selenium.core.SeleniumTestAction.getElement(SeleniumTestAction.java:58)\r\n\tat org.getopentest.selenium.core.SeleniumTestAction.getElement(SeleniumTestAction.java:50)\r\n\tat org.getopentest.selenium.SendKeys.run(SendKeys.java:25)\r\n\t... 7 more\r\nCaused by: org.openqa.selenium.NoSuchElementException: no such element: Unable to locate element: {\"method\":\"css selector\",\"selector\":\"#InpLogin\"}\n  (Session info: chrome=79.0.3945.88)\nFor documentation on this error, please visit: https://www.seleniumhq.org/exceptions/no_such_element.html\nBuild info: version: '3.141.59', revision: 'e82be7d358', time: '2018-11-14T08:17:03'\nSystem info: host: 'AOLIVEIRA-N', ip: '192.168.15.76', os.name: 'Windows 10', os.arch: 'x86', os.version: '10.0', java.version: '1.8.0_301'\nDriver info: org.openqa.selenium.chrome.ChromeDriver\nCapabilities {acceptInsecureCerts: false, browserName: chrome, browserVersion: 79.0.3945.88, chrome: {chromedriverVersion: 79.0.3945.36 (3582db32b3389..., userDataDir: C:\\Users\\AOLIVE~1\\AppData\\L...}, goog:chromeOptions: {debuggerAddress: localhost:59758}, javascriptEnabled: true, networkConnectionEnabled: false, pageLoadStrategy: normal, platform: WINDOWS, platformName: WINDOWS, proxy: Proxy(), setWindowRect: true, strictFileInteractability: false, timeouts: {implicit: 0, pageLoad: 300000, script: 30000}, unhandledPromptBehavior: dismiss and notify}\nSession ID: ef1f8ddfb57d94a6575b941d350486f9\n*** Element info: {Using=id, value=InpLogin}\r\n\tat sun.reflect.GeneratedConstructorAccessor18.newInstance(Unknown Source)\r\n\tat sun.reflect.DelegatingConstructorAccessorImpl.newInstance(Unknown Source)\r\n\tat java.lang.reflect.Constructor.newInstance(Unknown Source)\r\n\tat org.openqa.selenium.remote.http.W3CHttpResponseCodec.createException(W3CHttpResponseCodec.java:187)\r\n\tat org.openqa.selenium.remote.http.W3CHttpResponseCodec.decode(W3CHttpResponseCodec.java:122)\r\n\tat org.openqa.selenium.remote.http.W3CHttpResponseCodec.decode(W3CHttpResponseCodec.java:49)\r\n\tat org.openqa.selenium.remote.HttpCommandExecutor.execute(HttpCommandExecutor.java:158)\r\n\tat org.openqa.selenium.remote.service.DriverCommandExecutor.execute(DriverCommandExecutor.java:83)\r\n\tat org.openqa.selenium.remote.RemoteWebDriver.execute(RemoteWebDriver.java:552)\r\n\tat org.openqa.selenium.remote.RemoteWebDriver.findElement(RemoteWebDriver.java:323)\r\n\tat org.openqa.selenium.remote.RemoteWebDriver.findElementById(RemoteWebDriver.java:372)\r\n\tat org.openqa.selenium.By$ById.findElement(By.java:188)\r\n\tat org.openqa.selenium.remote.RemoteWebDriver.findElement(RemoteWebDriver.java:315)\r\n\tat org.openqa.selenium.support.ui.ExpectedConditions$6.apply(ExpectedConditions.java:182)\r\n\tat org.openqa.selenium.support.ui.ExpectedConditions$6.apply(ExpectedConditions.java:179)\r\n\tat org.openqa.selenium.support.ui.FluentWait.until(FluentWait.java:249)\r\n\t... 10 more\r\n","v":0}
{"name":"1632874630","hostname":"AOLIVEIRA-N","pid":4056,"level":30,"actorType":"ACTOR1","actorId":"40988","time":"2021-09-29T00:17:35.504Z","msg":"Test session has completed","v":0}
{"name":"1632874630","hostname":"AOLIVEIRA-N","pid":4056,"level":10,"actorType":"ACTOR1","actorId":"40988","time":"2021-09-29T00:17:35.505Z","msg":"TRACE: Firing TEST_COMPLETED event...","v":0}
{"name":"1632874630","hostname":"AOLIVEIRA-N","pid":4056,"level":10,"actorType":"ACTOR1","actorId":"40988","time":"2021-09-29T00:17:36.138Z","msg":"TRACE: Firing SESSION_COMPLETED event...","v":0}
{"name":"1632874630","hostname":"AOLIVEIRA-N","pid":4056,"level":30,"actorType":"ACTOR1","actorId":"40988","time":"2021-09-29T00:17:36.138Z","msg":"Actor 40988 of type ACTOR1 with no tags is waiting to be acquired by a test session...","v":0}
{"name":"1632874630","hostname":"AOLIVEIRA-N","pid":4056,"level":10,"actorType":"ACTOR1","actorId":"40988","time":"2021-09-29T00:18:23.696Z","msg":"TRACE: Initializing test session information in the \"announce\" method...","v":0}
{"name":"1632874630","hostname":"AOLIVEIRA-N","pid":4056,"level":10,"actorType":"ACTOR1","actorId":"40988","time":"2021-09-29T00:18:23.697Z","msg":"TRACE: Session ID in sync server response was 1632874702; actor session ID was null","v":0}
