{"name":"1632876795","hostname":"AOLIVEIRA-N","pid":4056,"level":20,"msg":"Sync server version: 1.2.4 2020-09-14 17:52:19 -0500 0aa4a9d288d4ecef4183f4fafe59fb95da7ae967","time":"2021-09-29T00:53:14.967Z","v":0}
{"name":"1632876795","hostname":"AOLIVEIRA-N","pid":4056,"level":30,"msg":"Acquiring actors for session 1632876795: WEB","time":"2021-09-29T00:53:14.969Z","v":0}
{"name":"1632876795","hostname":"AOLIVEIRA-N","pid":4056,"level":30,"msg":"Session 1632876795 with label \"Quick start tests\" started at 2021-09-29 00:53:14 UTC","time":"2021-09-29T00:53:14.971Z","v":0}
{"name":"1632876795","hostname":"AOLIVEIRA-N","pid":4056,"level":30,"actorType":"WEB","actorId":"3832","time":"2021-09-29T00:53:19.45Z","msg":"Actor 3832 of type WEB was acquired by test session 1632876795","v":0}
{"name":"1632876795","hostname":"AOLIVEIRA-N","pid":4056,"level":20,"actorType":"WEB","actorId":"3832","time":"2021-09-29T00:53:19.453Z","msg":"DEBUG: Test actor JAR versions:","v":0}
{"name":"1632876795","hostname":"AOLIVEIRA-N","pid":4056,"level":20,"actorType":"WEB","actorId":"3832","time":"2021-09-29T00:53:19.456Z","msg":"DEBUG:   opentest-appium-0.0.1.jar: 2020-09-14 17:52 -0500 0.0.1-0aa4a9d288d4ecef4183f4fafe59fb95da7ae967","v":0}
{"name":"1632876795","hostname":"AOLIVEIRA-N","pid":4056,"level":20,"actorType":"WEB","actorId":"3832","time":"2021-09-29T00:53:19.458Z","msg":"DEBUG:   opentest-base-0.0.1.jar: 2020-09-14 17:52 -0500 0.0.1-0aa4a9d288d4ecef4183f4fafe59fb95da7ae967","v":0}
{"name":"1632876795","hostname":"AOLIVEIRA-N","pid":4056,"level":20,"actorType":"WEB","actorId":"3832","time":"2021-09-29T00:53:19.467Z","msg":"DEBUG:   opentest-selenium-0.0.1.jar: 2020-09-14 17:52 -0500 0.0.1-0aa4a9d288d4ecef4183f4fafe59fb95da7ae967","v":0}
{"name":"1632876795","hostname":"AOLIVEIRA-N","pid":4056,"level":40,"actorType":"WEB","actorId":"3832","time":"2021-09-29T00:53:19.471Z","msg":"WARN: Failed to log extension JARs","v":0}
{"name":"1632876795","hostname":"AOLIVEIRA-N","pid":4056,"level":30,"actorType":"WEB","actorId":"3832","time":"2021-09-29T00:53:19.502Z","msg":"==================== WEB: web/Login Page ====================","v":0}
{"name":"1632876795","hostname":"AOLIVEIRA-N","pid":4056,"level":30,"actorType":"WEB","actorId":"3832","time":"2021-09-29T00:53:19.503Z","msg":"Actor WEB started executing test web/Login Page...","v":0}
{"name":"1632876795","hostname":"AOLIVEIRA-N","pid":4056,"level":30,"actorType":"WEB","actorId":"3832","time":"2021-09-29T00:53:19.528Z","msg":"Executing segment 1 of test web/Login Page...","v":0}
{"name":"1632876795","hostname":"AOLIVEIRA-N","pid":4056,"level":30,"actorType":"WEB","actorId":"3832","time":"2021-09-29T00:53:19.528Z","msg":"Evaluating action 1/7 (org.getopentest.selenium.NavigateTo) in segment 1 (Navigate to the login page)...","v":0}
{"name":"1632876795","hostname":"AOLIVEIRA-N","pid":4056,"level":10,"actorType":"WEB","actorId":"3832","time":"2021-09-29T00:53:19.529Z","msg":"TRACE: Initializing action org.getopentest.selenium.NavigateTo...","v":0}
{"name":"1632876795","hostname":"AOLIVEIRA-N","pid":4056,"level":30,"actorType":"WEB","actorId":"3832","time":"2021-09-29T00:53:19.529Z","msg":"Using local Selenium server","v":0}
{"name":"1632876795","hostname":"AOLIVEIRA-N","pid":4056,"level":10,"actorType":"WEB","actorId":"3832","time":"2021-09-29T00:53:19.53Z","msg":"TRACE: Setting system property \"webdriver.chrome.driver\" to \"C:/Selenium/chromedriver.exe\"","v":0}
{"name":"1632876795","hostname":"AOLIVEIRA-N","pid":4056,"level":30,"actorType":"WEB","actorId":"3832","time":"2021-09-29T00:53:28.567Z","msg":"Executing action org.getopentest.selenium.NavigateTo with arguments {\"url\":\"http://localhost:4200/#/\"}...","v":0}
{"name":"1632876795","hostname":"AOLIVEIRA-N","pid":4056,"level":30,"actorType":"WEB","actorId":"3832","time":"2021-09-29T00:53:29.217Z","msg":"Evaluating action 2/7 (org.getopentest.selenium.ActionsPause) in segment 1 (Pause for 20 second)...","v":0}
{"name":"1632876795","hostname":"AOLIVEIRA-N","pid":4056,"level":10,"actorType":"WEB","actorId":"3832","time":"2021-09-29T00:53:29.219Z","msg":"TRACE: Initializing action org.getopentest.selenium.ActionsPause...","v":0}
{"name":"1632876795","hostname":"AOLIVEIRA-N","pid":4056,"level":30,"actorType":"WEB","actorId":"3832","time":"2021-09-29T00:53:29.22Z","msg":"Executing action org.getopentest.selenium.ActionsPause with arguments {\"durationMs\":20000}...","v":0}
{"name":"1632876795","hostname":"AOLIVEIRA-N","pid":4056,"level":30,"actorType":"WEB","actorId":"3832","time":"2021-09-29T00:53:29.22Z","msg":"Evaluating action 3/7 (org.getopentest.selenium.SendKeys) in segment 1 (Insert User)...","v":0}
{"name":"1632876795","hostname":"AOLIVEIRA-N","pid":4056,"level":10,"actorType":"WEB","actorId":"3832","time":"2021-09-29T00:53:29.221Z","msg":"TRACE: Initializing action org.getopentest.selenium.SendKeys...","v":0}
{"name":"1632876795","hostname":"AOLIVEIRA-N","pid":4056,"level":30,"actorType":"WEB","actorId":"3832","time":"2021-09-29T00:53:29.222Z","msg":"Executing action org.getopentest.selenium.SendKeys with arguments {\"locator\":{\"id\":\"InpLogin\"},\"text\":\"admin\"}...","v":0}
{"name":"1632876795","hostname":"AOLIVEIRA-N","pid":4056,"level":30,"actorType":"WEB","actorId":"3832","time":"2021-09-29T00:53:29.332Z","msg":"Evaluating action 4/7 (org.getopentest.selenium.ActionsPause) in segment 1 (Pause for 20 second)...","v":0}
{"name":"1632876795","hostname":"AOLIVEIRA-N","pid":4056,"level":10,"actorType":"WEB","actorId":"3832","time":"2021-09-29T00:53:29.332Z","msg":"TRACE: Initializing action org.getopentest.selenium.ActionsPause...","v":0}
{"name":"1632876795","hostname":"AOLIVEIRA-N","pid":4056,"level":30,"actorType":"WEB","actorId":"3832","time":"2021-09-29T00:53:29.333Z","msg":"Executing action org.getopentest.selenium.ActionsPause with arguments {\"durationMs\":20000}...","v":0}
{"name":"1632876795","hostname":"AOLIVEIRA-N","pid":4056,"level":30,"actorType":"WEB","actorId":"3832","time":"2021-09-29T00:53:29.334Z","msg":"Evaluating action 5/7 (org.getopentest.selenium.SendKeys) in segment 1 (Insert Password)...","v":0}
{"name":"1632876795","hostname":"AOLIVEIRA-N","pid":4056,"level":10,"actorType":"WEB","actorId":"3832","time":"2021-09-29T00:53:29.334Z","msg":"TRACE: Initializing action org.getopentest.selenium.SendKeys...","v":0}
{"name":"1632876795","hostname":"AOLIVEIRA-N","pid":4056,"level":30,"actorType":"WEB","actorId":"3832","time":"2021-09-29T00:53:29.335Z","msg":"Executing action org.getopentest.selenium.SendKeys with arguments {\"locator\":{\"id\":\"InpSenha\"},\"text\":\"admin\"}...","v":0}
{"name":"1632876795","hostname":"AOLIVEIRA-N","pid":4056,"level":30,"actorType":"WEB","actorId":"3832","time":"2021-09-29T00:53:29.456Z","msg":"Evaluating action 6/7 (org.getopentest.selenium.Click) in segment 1 (Click the submit button)...","v":0}
{"name":"1632876795","hostname":"AOLIVEIRA-N","pid":4056,"level":10,"actorType":"WEB","actorId":"3832","time":"2021-09-29T00:53:29.456Z","msg":"TRACE: Initializing action org.getopentest.selenium.Click...","v":0}
{"name":"1632876795","hostname":"AOLIVEIRA-N","pid":4056,"level":30,"actorType":"WEB","actorId":"3832","time":"2021-09-29T00:53:29.457Z","msg":"Executing action org.getopentest.selenium.Click with arguments {\"locator\":{\"id\":\"BtnLogin\"}}...","v":0}
{"name":"1632876795","hostname":"AOLIVEIRA-N","pid":4056,"level":30,"actorType":"WEB","actorId":"3832","time":"2021-09-29T00:53:29.55Z","msg":"Evaluating action 7/7 (org.getopentest.selenium.ActionsPause) in segment 1 (Pause for 20 second)...","v":0}
{"name":"1632876795","hostname":"AOLIVEIRA-N","pid":4056,"level":10,"actorType":"WEB","actorId":"3832","time":"2021-09-29T00:53:29.551Z","msg":"TRACE: Initializing action org.getopentest.selenium.ActionsPause...","v":0}
{"name":"1632876795","hostname":"AOLIVEIRA-N","pid":4056,"level":30,"actorType":"WEB","actorId":"3832","time":"2021-09-29T00:53:29.552Z","msg":"Executing action org.getopentest.selenium.ActionsPause with arguments {\"durationMs\":300000}...","v":0}
{"name":"1632876795","hostname":"AOLIVEIRA-N","pid":4056,"level":10,"actorType":"WEB","actorId":"3832","time":"2021-09-29T00:53:30.07Z","msg":"TRACE: Firing TEST_COMPLETED event...","v":0}
{"name":"1632876795","hostname":"AOLIVEIRA-N","pid":4056,"level":30,"actorType":"WEB","actorId":"3832","time":"2021-09-29T00:53:30.733Z","msg":"==================== WEB: web/Navigation Test ====================","v":0}
{"name":"1632876795","hostname":"AOLIVEIRA-N","pid":4056,"level":30,"actorType":"WEB","actorId":"3832","time":"2021-09-29T00:53:30.733Z","msg":"Actor WEB started executing test web/Navigation Test...","v":0}
{"name":"1632876795","hostname":"AOLIVEIRA-N","pid":4056,"level":30,"actorType":"WEB","actorId":"3832","time":"2021-09-29T00:53:30.755Z","msg":"Executing segment 1 of test web/Navigation Test...","v":0}
{"name":"1632876795","hostname":"AOLIVEIRA-N","pid":4056,"level":30,"actorType":"WEB","actorId":"3832","time":"2021-09-29T00:53:30.756Z","msg":"Evaluating action 1/1 (org.getopentest.selenium.Click) in segment 1 (Click the summarization button)...","v":0}
{"name":"1632876795","hostname":"AOLIVEIRA-N","pid":4056,"level":10,"actorType":"WEB","actorId":"3832","time":"2021-09-29T00:53:30.756Z","msg":"TRACE: Initializing action org.getopentest.selenium.Click...","v":0}
{"name":"1632876795","hostname":"AOLIVEIRA-N","pid":4056,"level":30,"actorType":"WEB","actorId":"3832","time":"2021-09-29T00:53:30.764Z","msg":"Using local Selenium server","v":0}
{"name":"1632876795","hostname":"AOLIVEIRA-N","pid":4056,"level":10,"actorType":"WEB","actorId":"3832","time":"2021-09-29T00:53:30.773Z","msg":"TRACE: Setting system property \"webdriver.chrome.driver\" to \"C:/Selenium/chromedriver.exe\"","v":0}
{"name":"1632876795","hostname":"AOLIVEIRA-N","pid":4056,"level":30,"actorType":"WEB","actorId":"3832","time":"2021-09-29T00:53:39.821Z","msg":"Executing action org.getopentest.selenium.Click with arguments {\"locator\":{\"id\":\"BtnDoResumo\"}}...","v":0}
{"name":"1632876795","hostname":"AOLIVEIRA-N","pid":4056,"level":30,"actorType":"WEB","actorId":"3832","time":"2021-09-29T00:53:51.36Z","msg":"Captured screenshot at C:\\Users\\aoliveira\\source\\repos\\ttc front\\opentest\\actor1\\out\\screenshots\\SID1632876795_WEB_T02_SG01_ST01_error.png","v":0}
{"name":"1632876795","hostname":"AOLIVEIRA-N","pid":4056,"level":50,"actorType":"WEB","actorId":"3832","time":"2021-09-29T00:53:51.373Z","msg":"ERROR: java.lang.Exception: Failed executing test web/Navigation Test, segment 1\r\n\tat org.getopentest.base.TestActor.executeTestSegment(TestActor.java:2165)\r\n\tat org.getopentest.base.TestActor.runOneSession(TestActor.java:2981)\r\n\tat org.getopentest.base.TestActor.runOneSession(TestActor.java:3017)\r\n\tat org.getopentest.Main.main(Main.java:20)\r\nCaused by: java.lang.RuntimeException: There was an error while executing action no. 1 (org.getopentest.selenium.Click) in segment 1 of test web/Navigation Test.\nThe action definition was:\n{\n  \"action\": \"org.getopentest.selenium.Click\",\n  \"args\": {\n    \"locator\": {\n      \"id\": \"BtnDoResumo\"\n    }\n  },\n  \"description\": \"Click the summarization button\"\n}\r\n\tat org.getopentest.base.TestActor.executeTestSegment(TestActor.java:2123)\r\n\t... 3 more\r\nCaused by: java.lang.RuntimeException: Failed executing action org.getopentest.selenium.Click with arguments {\"locator\":{\"id\":\"BtnDoResumo\"}}\r\n\tat org.getopentest.base.TestActor.executeActionByDef(TestActor.java:1821)\r\n\tat org.getopentest.base.TestActor.executeTestSegment(TestActor.java:2073)\r\n\t... 3 more\r\nCaused by: java.lang.RuntimeException: java.lang.RuntimeException: Failed clicking on element By.id: BtnDoResumo\r\n\tat org.getopentest.base.TestActor.executeActionByClassName(TestActor.java:1626)\r\n\tat org.getopentest.base.TestActor.executeActionByDef(TestActor.java:1705)\r\n\t... 4 more\r\nCaused by: java.lang.RuntimeException: Failed clicking on element By.id: BtnDoResumo\r\n\tat org.getopentest.selenium.Click.run(Click.java:34)\r\n\tat org.getopentest.base.TestActor.executeAction(TestActor.java:1527)\r\n\tat org.getopentest.base.TestActor.executeActionByClassName(TestActor.java:1603)\r\n\t... 5 more\r\nCaused by: org.openqa.selenium.TimeoutException: Expected condition failed: waiting for presence of element located by: By.id: BtnDoResumo (tried for 10 second(s) with 500 milliseconds interval)\r\n\tat org.openqa.selenium.support.ui.WebDriverWait.timeoutException(WebDriverWait.java:95)\r\n\tat org.openqa.selenium.support.ui.FluentWait.until(FluentWait.java:272)\r\n\tat org.getopentest.selenium.core.SeleniumTestAction.getElement(SeleniumTestAction.java:58)\r\n\tat org.getopentest.selenium.core.SeleniumTestAction.getElement(SeleniumTestAction.java:50)\r\n\tat org.getopentest.selenium.Click.run(Click.java:29)\r\n\t... 7 more\r\nCaused by: org.openqa.selenium.NoSuchElementException: no such element: Unable to locate element: {\"method\":\"css selector\",\"selector\":\"#BtnDoResumo\"}\n  (Session info: chrome=79.0.3945.88)\nFor documentation on this error, please visit: https://www.seleniumhq.org/exceptions/no_such_element.html\nBuild info: version: '3.141.59', revision: 'e82be7d358', time: '2018-11-14T08:17:03'\nSystem info: host: 'AOLIVEIRA-N', ip: '192.168.15.76', os.name: 'Windows 10', os.arch: 'x86', os.version: '10.0', java.version: '1.8.0_301'\nDriver info: org.openqa.selenium.chrome.ChromeDriver\nCapabilities {acceptInsecureCerts: false, browserName: chrome, browserVersion: 79.0.3945.88, chrome: {chromedriverVersion: 79.0.3945.36 (3582db32b3389..., userDataDir: C:\\Users\\AOLIVE~1\\AppData\\L...}, goog:chromeOptions: {debuggerAddress: localhost:55372}, javascriptEnabled: true, networkConnectionEnabled: false, pageLoadStrategy: normal, platform: WINDOWS, platformName: WINDOWS, proxy: Proxy(), setWindowRect: true, strictFileInteractability: false, timeouts: {implicit: 0, pageLoad: 300000, script: 30000}, unhandledPromptBehavior: dismiss and notify}\nSession ID: 21b3220bf81ac8df1460fa1c96e5ad76\n*** Element info: {Using=id, value=BtnDoResumo}\r\n\tat sun.reflect.GeneratedConstructorAccessor15.newInstance(Unknown Source)\r\n\tat sun.reflect.DelegatingConstructorAccessorImpl.newInstance(Unknown Source)\r\n\tat java.lang.reflect.Constructor.newInstance(Unknown Source)\r\n\tat org.openqa.selenium.remote.http.W3CHttpResponseCodec.createException(W3CHttpResponseCodec.java:187)\r\n\tat org.openqa.selenium.remote.http.W3CHttpResponseCodec.decode(W3CHttpResponseCodec.java:122)\r\n\tat org.openqa.selenium.remote.http.W3CHttpResponseCodec.decode(W3CHttpResponseCodec.java:49)\r\n\tat org.openqa.selenium.remote.HttpCommandExecutor.execute(HttpCommandExecutor.java:158)\r\n\tat org.openqa.selenium.remote.service.DriverCommandExecutor.execute(DriverCommandExecutor.java:83)\r\n\tat org.openqa.selenium.remote.RemoteWebDriver.execute(RemoteWebDriver.java:552)\r\n\tat org.openqa.selenium.remote.RemoteWebDriver.findElement(RemoteWebDriver.java:323)\r\n\tat org.openqa.selenium.remote.RemoteWebDriver.findElementById(RemoteWebDriver.java:372)\r\n\tat org.openqa.selenium.By$ById.findElement(By.java:188)\r\n\tat org.openqa.selenium.remote.RemoteWebDriver.findElement(RemoteWebDriver.java:315)\r\n\tat org.openqa.selenium.support.ui.ExpectedConditions$6.apply(ExpectedConditions.java:182)\r\n\tat org.openqa.selenium.support.ui.ExpectedConditions$6.apply(ExpectedConditions.java:179)\r\n\tat org.openqa.selenium.support.ui.FluentWait.until(FluentWait.java:249)\r\n\t... 10 more\r\n","v":0}
{"name":"1632876795","hostname":"AOLIVEIRA-N","pid":4056,"level":10,"actorType":"WEB","actorId":"3832","time":"2021-09-29T00:53:51.881Z","msg":"TRACE: Firing TEST_COMPLETED event...","v":0}
{"name":"1632876795","hostname":"AOLIVEIRA-N","pid":4056,"level":30,"actorType":"WEB","actorId":"3832","time":"2021-09-29T00:53:52.513Z","msg":"==================== WEB: web/Navigation Test ====================","v":0}
{"name":"1632876795","hostname":"AOLIVEIRA-N","pid":4056,"level":30,"actorType":"WEB","actorId":"3832","time":"2021-09-29T00:53:52.513Z","msg":"Actor WEB started executing test web/Navigation Test...","v":0}
{"name":"1632876795","hostname":"AOLIVEIRA-N","pid":4056,"level":30,"actorType":"WEB","actorId":"3832","time":"2021-09-29T00:53:52.536Z","msg":"Executing segment 1 of test web/Navigation Test...","v":0}
{"name":"1632876795","hostname":"AOLIVEIRA-N","pid":4056,"level":30,"actorType":"WEB","actorId":"3832","time":"2021-09-29T00:53:52.536Z","msg":"Evaluating action 1/1 (org.getopentest.selenium.Click) in segment 1 (Click the summarization button)...","v":0}
{"name":"1632876795","hostname":"AOLIVEIRA-N","pid":4056,"level":10,"actorType":"WEB","actorId":"3832","time":"2021-09-29T00:53:52.537Z","msg":"TRACE: Initializing action org.getopentest.selenium.Click...","v":0}
{"name":"1632876795","hostname":"AOLIVEIRA-N","pid":4056,"level":30,"actorType":"WEB","actorId":"3832","time":"2021-09-29T00:53:52.547Z","msg":"Using local Selenium server","v":0}
{"name":"1632876795","hostname":"AOLIVEIRA-N","pid":4056,"level":10,"actorType":"WEB","actorId":"3832","time":"2021-09-29T00:53:52.551Z","msg":"TRACE: Setting system property \"webdriver.chrome.driver\" to \"C:/Selenium/chromedriver.exe\"","v":0}
{"name":"1632876795","hostname":"AOLIVEIRA-N","pid":4056,"level":30,"actorType":"WEB","actorId":"3832","time":"2021-09-29T00:54:01.58Z","msg":"Executing action org.getopentest.selenium.Click with arguments {\"locator\":{\"id\":\"BtnDoResumo\"}}...","v":0}
{"name":"1632876795","hostname":"AOLIVEIRA-N","pid":4056,"level":30,"actorType":"WEB","actorId":"3832","time":"2021-09-29T00:54:13.124Z","msg":"Captured screenshot at C:\\Users\\aoliveira\\source\\repos\\ttc front\\opentest\\actor1\\out\\screenshots\\SID1632876795_WEB_T02_SG01_ST01_error_02.png","v":0}
{"name":"1632876795","hostname":"AOLIVEIRA-N","pid":4056,"level":50,"actorType":"WEB","actorId":"3832","time":"2021-09-29T00:54:13.133Z","msg":"ERROR: java.lang.Exception: Failed executing test web/Navigation Test, segment 1\r\n\tat org.getopentest.base.TestActor.executeTestSegment(TestActor.java:2165)\r\n\tat org.getopentest.base.TestActor.runOneSession(TestActor.java:2981)\r\n\tat org.getopentest.base.TestActor.runOneSession(TestActor.java:3017)\r\n\tat org.getopentest.Main.main(Main.java:20)\r\nCaused by: java.lang.RuntimeException: There was an error while executing action no. 1 (org.getopentest.selenium.Click) in segment 1 of test web/Navigation Test.\nThe action definition was:\n{\n  \"action\": \"org.getopentest.selenium.Click\",\n  \"args\": {\n    \"locator\": {\n      \"id\": \"BtnDoResumo\"\n    }\n  },\n  \"description\": \"Click the summarization button\"\n}\r\n\tat org.getopentest.base.TestActor.executeTestSegment(TestActor.java:2123)\r\n\t... 3 more\r\nCaused by: java.lang.RuntimeException: Failed executing action org.getopentest.selenium.Click with arguments {\"locator\":{\"id\":\"BtnDoResumo\"}}\r\n\tat org.getopentest.base.TestActor.executeActionByDef(TestActor.java:1821)\r\n\tat org.getopentest.base.TestActor.executeTestSegment(TestActor.java:2073)\r\n\t... 3 more\r\nCaused by: java.lang.RuntimeException: java.lang.RuntimeException: Failed clicking on element By.id: BtnDoResumo\r\n\tat org.getopentest.base.TestActor.executeActionByClassName(TestActor.java:1626)\r\n\tat org.getopentest.base.TestActor.executeActionByDef(TestActor.java:1705)\r\n\t... 4 more\r\nCaused by: java.lang.RuntimeException: Failed clicking on element By.id: BtnDoResumo\r\n\tat org.getopentest.selenium.Click.run(Click.java:34)\r\n\tat org.getopentest.base.TestActor.executeAction(TestActor.java:1527)\r\n\tat org.getopentest.base.TestActor.executeActionByClassName(TestActor.java:1603)\r\n\t... 5 more\r\nCaused by: org.openqa.selenium.TimeoutException: Expected condition failed: waiting for presence of element located by: By.id: BtnDoResumo (tried for 10 second(s) with 500 milliseconds interval)\r\n\tat org.openqa.selenium.support.ui.WebDriverWait.timeoutException(WebDriverWait.java:95)\r\n\tat org.openqa.selenium.support.ui.FluentWait.until(FluentWait.java:272)\r\n\tat org.getopentest.selenium.core.SeleniumTestAction.getElement(SeleniumTestAction.java:58)\r\n\tat org.getopentest.selenium.core.SeleniumTestAction.getElement(SeleniumTestAction.java:50)\r\n\tat org.getopentest.selenium.Click.run(Click.java:29)\r\n\t... 7 more\r\nCaused by: org.openqa.selenium.NoSuchElementException: no such element: Unable to locate element: {\"method\":\"css selector\",\"selector\":\"#BtnDoResumo\"}\n  (Session info: chrome=79.0.3945.88)\nFor documentation on this error, please visit: https://www.seleniumhq.org/exceptions/no_such_element.html\nBuild info: version: '3.141.59', revision: 'e82be7d358', time: '2018-11-14T08:17:03'\nSystem info: host: 'AOLIVEIRA-N', ip: '192.168.15.76', os.name: 'Windows 10', os.arch: 'x86', os.version: '10.0', java.version: '1.8.0_301'\nDriver info: org.openqa.selenium.chrome.ChromeDriver\nCapabilities {acceptInsecureCerts: false, browserName: chrome, browserVersion: 79.0.3945.88, chrome: {chromedriverVersion: 79.0.3945.36 (3582db32b3389..., userDataDir: C:\\Users\\AOLIVE~1\\AppData\\L...}, goog:chromeOptions: {debuggerAddress: localhost:55430}, javascriptEnabled: true, networkConnectionEnabled: false, pageLoadStrategy: normal, platform: WINDOWS, platformName: WINDOWS, proxy: Proxy(), setWindowRect: true, strictFileInteractability: false, timeouts: {implicit: 0, pageLoad: 300000, script: 30000}, unhandledPromptBehavior: dismiss and notify}\nSession ID: e3d70124d61075f6ed4038cf8d3956ee\n*** Element info: {Using=id, value=BtnDoResumo}\r\n\tat sun.reflect.GeneratedConstructorAccessor15.newInstance(Unknown Source)\r\n\tat sun.reflect.DelegatingConstructorAccessorImpl.newInstance(Unknown Source)\r\n\tat java.lang.reflect.Constructor.newInstance(Unknown Source)\r\n\tat org.openqa.selenium.remote.http.W3CHttpResponseCodec.createException(W3CHttpResponseCodec.java:187)\r\n\tat org.openqa.selenium.remote.http.W3CHttpResponseCodec.decode(W3CHttpResponseCodec.java:122)\r\n\tat org.openqa.selenium.remote.http.W3CHttpResponseCodec.decode(W3CHttpResponseCodec.java:49)\r\n\tat org.openqa.selenium.remote.HttpCommandExecutor.execute(HttpCommandExecutor.java:158)\r\n\tat org.openqa.selenium.remote.service.DriverCommandExecutor.execute(DriverCommandExecutor.java:83)\r\n\tat org.openqa.selenium.remote.RemoteWebDriver.execute(RemoteWebDriver.java:552)\r\n\tat org.openqa.selenium.remote.RemoteWebDriver.findElement(RemoteWebDriver.java:323)\r\n\tat org.openqa.selenium.remote.RemoteWebDriver.findElementById(RemoteWebDriver.java:372)\r\n\tat org.openqa.selenium.By$ById.findElement(By.java:188)\r\n\tat org.openqa.selenium.remote.RemoteWebDriver.findElement(RemoteWebDriver.java:315)\r\n\tat org.openqa.selenium.support.ui.ExpectedConditions$6.apply(ExpectedConditions.java:182)\r\n\tat org.openqa.selenium.support.ui.ExpectedConditions$6.apply(ExpectedConditions.java:179)\r\n\tat org.openqa.selenium.support.ui.FluentWait.until(FluentWait.java:249)\r\n\t... 10 more\r\n","v":0}
{"name":"1632876795","hostname":"AOLIVEIRA-N","pid":4056,"level":10,"actorType":"WEB","actorId":"3832","time":"2021-09-29T00:54:13.64Z","msg":"TRACE: Firing TEST_COMPLETED event...","v":0}
{"name":"1632876795","hostname":"AOLIVEIRA-N","pid":4056,"level":30,"actorType":"WEB","actorId":"3832","time":"2021-09-29T00:54:14.284Z","msg":"==================== WEB: web/Navigation Test ====================","v":0}
{"name":"1632876795","hostname":"AOLIVEIRA-N","pid":4056,"level":30,"actorType":"WEB","actorId":"3832","time":"2021-09-29T00:54:14.285Z","msg":"Actor WEB started executing test web/Navigation Test...","v":0}
{"name":"1632876795","hostname":"AOLIVEIRA-N","pid":4056,"level":30,"actorType":"WEB","actorId":"3832","time":"2021-09-29T00:54:14.318Z","msg":"Executing segment 1 of test web/Navigation Test...","v":0}
{"name":"1632876795","hostname":"AOLIVEIRA-N","pid":4056,"level":30,"actorType":"WEB","actorId":"3832","time":"2021-09-29T00:54:14.319Z","msg":"Evaluating action 1/1 (org.getopentest.selenium.Click) in segment 1 (Click the summarization button)...","v":0}
{"name":"1632876795","hostname":"AOLIVEIRA-N","pid":4056,"level":10,"actorType":"WEB","actorId":"3832","time":"2021-09-29T00:54:14.321Z","msg":"TRACE: Initializing action org.getopentest.selenium.Click...","v":0}
{"name":"1632876795","hostname":"AOLIVEIRA-N","pid":4056,"level":30,"actorType":"WEB","actorId":"3832","time":"2021-09-29T00:54:14.322Z","msg":"Using local Selenium server","v":0}
{"name":"1632876795","hostname":"AOLIVEIRA-N","pid":4056,"level":10,"actorType":"WEB","actorId":"3832","time":"2021-09-29T00:54:14.323Z","msg":"TRACE: Setting system property \"webdriver.chrome.driver\" to \"C:/Selenium/chromedriver.exe\"","v":0}
{"name":"1632876795","hostname":"AOLIVEIRA-N","pid":4056,"level":30,"actorType":"WEB","actorId":"3832","time":"2021-09-29T00:54:23.369Z","msg":"Executing action org.getopentest.selenium.Click with arguments {\"locator\":{\"id\":\"BtnDoResumo\"}}...","v":0}
{"name":"1632876795","hostname":"AOLIVEIRA-N","pid":4056,"level":30,"actorType":"WEB","actorId":"3832","time":"2021-09-29T00:54:34.886Z","msg":"Captured screenshot at C:\\Users\\aoliveira\\source\\repos\\ttc front\\opentest\\actor1\\out\\screenshots\\SID1632876795_WEB_T02_SG01_ST01_error_03.png","v":0}
{"name":"1632876795","hostname":"AOLIVEIRA-N","pid":4056,"level":50,"actorType":"WEB","actorId":"3832","time":"2021-09-29T00:54:34.897Z","msg":"ERROR: java.lang.Exception: Failed executing test web/Navigation Test, segment 1\r\n\tat org.getopentest.base.TestActor.executeTestSegment(TestActor.java:2165)\r\n\tat org.getopentest.base.TestActor.runOneSession(TestActor.java:2981)\r\n\tat org.getopentest.base.TestActor.runOneSession(TestActor.java:3017)\r\n\tat org.getopentest.Main.main(Main.java:20)\r\nCaused by: java.lang.RuntimeException: There was an error while executing action no. 1 (org.getopentest.selenium.Click) in segment 1 of test web/Navigation Test.\nThe action definition was:\n{\n  \"action\": \"org.getopentest.selenium.Click\",\n  \"args\": {\n    \"locator\": {\n      \"id\": \"BtnDoResumo\"\n    }\n  },\n  \"description\": \"Click the summarization button\"\n}\r\n\tat org.getopentest.base.TestActor.executeTestSegment(TestActor.java:2123)\r\n\t... 3 more\r\nCaused by: java.lang.RuntimeException: Failed executing action org.getopentest.selenium.Click with arguments {\"locator\":{\"id\":\"BtnDoResumo\"}}\r\n\tat org.getopentest.base.TestActor.executeActionByDef(TestActor.java:1821)\r\n\tat org.getopentest.base.TestActor.executeTestSegment(TestActor.java:2073)\r\n\t... 3 more\r\nCaused by: java.lang.RuntimeException: java.lang.RuntimeException: Failed clicking on element By.id: BtnDoResumo\r\n\tat org.getopentest.base.TestActor.executeActionByClassName(TestActor.java:1626)\r\n\tat org.getopentest.base.TestActor.executeActionByDef(TestActor.java:1705)\r\n\t... 4 more\r\nCaused by: java.lang.RuntimeException: Failed clicking on element By.id: BtnDoResumo\r\n\tat org.getopentest.selenium.Click.run(Click.java:34)\r\n\tat org.getopentest.base.TestActor.executeAction(TestActor.java:1527)\r\n\tat org.getopentest.base.TestActor.executeActionByClassName(TestActor.java:1603)\r\n\t... 5 more\r\nCaused by: org.openqa.selenium.TimeoutException: Expected condition failed: waiting for presence of element located by: By.id: BtnDoResumo (tried for 10 second(s) with 500 milliseconds interval)\r\n\tat org.openqa.selenium.support.ui.WebDriverWait.timeoutException(WebDriverWait.java:95)\r\n\tat org.openqa.selenium.support.ui.FluentWait.until(FluentWait.java:272)\r\n\tat org.getopentest.selenium.core.SeleniumTestAction.getElement(SeleniumTestAction.java:58)\r\n\tat org.getopentest.selenium.core.SeleniumTestAction.getElement(SeleniumTestAction.java:50)\r\n\tat org.getopentest.selenium.Click.run(Click.java:29)\r\n\t... 7 more\r\nCaused by: org.openqa.selenium.NoSuchElementException: no such element: Unable to locate element: {\"method\":\"css selector\",\"selector\":\"#BtnDoResumo\"}\n  (Session info: chrome=79.0.3945.88)\nFor documentation on this error, please visit: https://www.seleniumhq.org/exceptions/no_such_element.html\nBuild info: version: '3.141.59', revision: 'e82be7d358', time: '2018-11-14T08:17:03'\nSystem info: host: 'AOLIVEIRA-N', ip: '192.168.15.76', os.name: 'Windows 10', os.arch: 'x86', os.version: '10.0', java.version: '1.8.0_301'\nDriver info: org.openqa.selenium.chrome.ChromeDriver\nCapabilities {acceptInsecureCerts: false, browserName: chrome, browserVersion: 79.0.3945.88, chrome: {chromedriverVersion: 79.0.3945.36 (3582db32b3389..., userDataDir: C:\\Users\\AOLIVE~1\\AppData\\L...}, goog:chromeOptions: {debuggerAddress: localhost:55489}, javascriptEnabled: true, networkConnectionEnabled: false, pageLoadStrategy: normal, platform: WINDOWS, platformName: WINDOWS, proxy: Proxy(), setWindowRect: true, strictFileInteractability: false, timeouts: {implicit: 0, pageLoad: 300000, script: 30000}, unhandledPromptBehavior: dismiss and notify}\nSession ID: 64b17ac33a6f00e8d63b657949bcc4bc\n*** Element info: {Using=id, value=BtnDoResumo}\r\n\tat sun.reflect.GeneratedConstructorAccessor15.newInstance(Unknown Source)\r\n\tat sun.reflect.DelegatingConstructorAccessorImpl.newInstance(Unknown Source)\r\n\tat java.lang.reflect.Constructor.newInstance(Unknown Source)\r\n\tat org.openqa.selenium.remote.http.W3CHttpResponseCodec.createException(W3CHttpResponseCodec.java:187)\r\n\tat org.openqa.selenium.remote.http.W3CHttpResponseCodec.decode(W3CHttpResponseCodec.java:122)\r\n\tat org.openqa.selenium.remote.http.W3CHttpResponseCodec.decode(W3CHttpResponseCodec.java:49)\r\n\tat org.openqa.selenium.remote.HttpCommandExecutor.execute(HttpCommandExecutor.java:158)\r\n\tat org.openqa.selenium.remote.service.DriverCommandExecutor.execute(DriverCommandExecutor.java:83)\r\n\tat org.openqa.selenium.remote.RemoteWebDriver.execute(RemoteWebDriver.java:552)\r\n\tat org.openqa.selenium.remote.RemoteWebDriver.findElement(RemoteWebDriver.java:323)\r\n\tat org.openqa.selenium.remote.RemoteWebDriver.findElementById(RemoteWebDriver.java:372)\r\n\tat org.openqa.selenium.By$ById.findElement(By.java:188)\r\n\tat org.openqa.selenium.remote.RemoteWebDriver.findElement(RemoteWebDriver.java:315)\r\n\tat org.openqa.selenium.support.ui.ExpectedConditions$6.apply(ExpectedConditions.java:182)\r\n\tat org.openqa.selenium.support.ui.ExpectedConditions$6.apply(ExpectedConditions.java:179)\r\n\tat org.openqa.selenium.support.ui.FluentWait.until(FluentWait.java:249)\r\n\t... 10 more\r\n","v":0}
{"name":"1632876795","hostname":"AOLIVEIRA-N","pid":4056,"level":30,"actorType":"WEB","actorId":"3832","time":"2021-09-29T00:54:35.402Z","msg":"Test session has completed","v":0}
{"name":"1632876795","hostname":"AOLIVEIRA-N","pid":4056,"level":10,"actorType":"WEB","actorId":"3832","time":"2021-09-29T00:54:35.402Z","msg":"TRACE: Firing TEST_COMPLETED event...","v":0}
{"name":"1632876795","hostname":"AOLIVEIRA-N","pid":4056,"level":10,"actorType":"WEB","actorId":"3832","time":"2021-09-29T00:54:36.016Z","msg":"TRACE: Firing SESSION_COMPLETED event...","v":0}
{"name":"1632876795","hostname":"AOLIVEIRA-N","pid":4056,"level":30,"actorType":"WEB","actorId":"3832","time":"2021-09-29T00:54:36.017Z","msg":"Actor 3832 of type WEB with no tags is waiting to be acquired by a test session...","v":0}
{"name":"1632876795","hostname":"AOLIVEIRA-N","pid":4056,"level":10,"actorType":"WEB","actorId":"3832","time":"2021-09-29T00:57:54.596Z","msg":"TRACE: Initializing test session information in the \"announce\" method...","v":0}
{"name":"1632876795","hostname":"AOLIVEIRA-N","pid":4056,"level":10,"actorType":"WEB","actorId":"3832","time":"2021-09-29T00:57:54.596Z","msg":"TRACE: Session ID in sync server response was 1632877072; actor session ID was null","v":0}
