{"name":"1636761992","hostname":"AOLIVEIRA-N","pid":12060,"level":20,"msg":"Sync server version: 1.2.4 2020-09-14 17:52:19 -0500 0aa4a9d288d4ecef4183f4fafe59fb95da7ae967","time":"2021-11-13T00:06:32.330Z","v":0}
{"name":"1636761992","hostname":"AOLIVEIRA-N","pid":12060,"level":30,"msg":"Acquiring actors for session 1636761992: WEB","time":"2021-11-13T00:06:32.348Z","v":0}
{"name":"1636761992","hostname":"AOLIVEIRA-N","pid":12060,"level":30,"msg":"Session 1636761992 with label \"null\" started at 2021-11-13 00:07:06 UTC","time":"2021-11-13T00:07:06.380Z","v":0}
{"name":"1636761992","hostname":"AOLIVEIRA-N","pid":12060,"level":30,"actorType":"WEB","actorId":"17068","time":"2021-11-13T00:07:10.718Z","msg":"Actor 17068 of type WEB was acquired by test session 1636761992","v":0}
{"name":"1636761992","hostname":"AOLIVEIRA-N","pid":12060,"level":20,"actorType":"WEB","actorId":"17068","time":"2021-11-13T00:07:10.723Z","msg":"DEBUG: Test actor JAR versions:","v":0}
{"name":"1636761992","hostname":"AOLIVEIRA-N","pid":12060,"level":20,"actorType":"WEB","actorId":"17068","time":"2021-11-13T00:07:10.724Z","msg":"DEBUG:   opentest-appium-0.0.1.jar: 2020-09-14 17:52 -0500 0.0.1-0aa4a9d288d4ecef4183f4fafe59fb95da7ae967","v":0}
{"name":"1636761992","hostname":"AOLIVEIRA-N","pid":12060,"level":20,"actorType":"WEB","actorId":"17068","time":"2021-11-13T00:07:10.724Z","msg":"DEBUG:   opentest-base-0.0.1.jar: 2020-09-14 17:52 -0500 0.0.1-0aa4a9d288d4ecef4183f4fafe59fb95da7ae967","v":0}
{"name":"1636761992","hostname":"AOLIVEIRA-N","pid":12060,"level":20,"actorType":"WEB","actorId":"17068","time":"2021-11-13T00:07:10.724Z","msg":"DEBUG:   opentest-selenium-0.0.1.jar: 2020-09-14 17:52 -0500 0.0.1-0aa4a9d288d4ecef4183f4fafe59fb95da7ae967","v":0}
{"name":"1636761992","hostname":"AOLIVEIRA-N","pid":12060,"level":40,"actorType":"WEB","actorId":"17068","time":"2021-11-13T00:07:10.725Z","msg":"WARN: Failed to log extension JARs","v":0}
{"name":"1636761992","hostname":"AOLIVEIRA-N","pid":12060,"level":30,"actorType":"WEB","actorId":"17068","time":"2021-11-13T00:07:10.799Z","msg":"==================== WEB: web/Navigation Test ====================","v":0}
{"name":"1636761992","hostname":"AOLIVEIRA-N","pid":12060,"level":30,"actorType":"WEB","actorId":"17068","time":"2021-11-13T00:07:10.799Z","msg":"Actor WEB started executing test web/Navigation Test...","v":0}
{"name":"1636761992","hostname":"AOLIVEIRA-N","pid":12060,"level":30,"actorType":"WEB","actorId":"17068","time":"2021-11-13T00:07:10.824Z","msg":"Executing segment 1 of test web/Navigation Test...","v":0}
{"name":"1636761992","hostname":"AOLIVEIRA-N","pid":12060,"level":30,"actorType":"WEB","actorId":"17068","time":"2021-11-13T00:07:10.824Z","msg":"Evaluating action 1/4 (org.getopentest.selenium.NavigateTo) in segment 1 (Navigate to the login page)...","v":0}
{"name":"1636761992","hostname":"AOLIVEIRA-N","pid":12060,"level":10,"actorType":"WEB","actorId":"17068","time":"2021-11-13T00:07:10.827Z","msg":"TRACE: Initializing action org.getopentest.selenium.NavigateTo...","v":0}
{"name":"1636761992","hostname":"AOLIVEIRA-N","pid":12060,"level":30,"actorType":"WEB","actorId":"17068","time":"2021-11-13T00:07:10.829Z","msg":"Loading configuration from \"C:\\Users\\aoliveira\\source\\repos\\TCC\\main\\opentest\\actor1\\actor.yaml\"","v":0}
{"name":"1636761992","hostname":"AOLIVEIRA-N","pid":12060,"level":30,"actorType":"WEB","actorId":"17068","time":"2021-11-13T00:07:10.834Z","msg":"Using local Selenium server","v":0}
{"name":"1636761992","hostname":"AOLIVEIRA-N","pid":12060,"level":10,"actorType":"WEB","actorId":"17068","time":"2021-11-13T00:07:10.835Z","msg":"TRACE: Setting system property \"webdriver.chrome.driver\" to \"C:/Selenium/chromedriver.exe\"","v":0}
{"name":"1636761992","hostname":"AOLIVEIRA-N","pid":12060,"level":50,"actorType":"WEB","actorId":"17068","time":"2021-11-13T00:07:11.875Z","msg":"ERROR: java.lang.Exception: Failed executing test web/Navigation Test, segment 1\r\n\tat org.getopentest.base.TestActor.executeTestSegment(TestActor.java:2165)\r\n\tat org.getopentest.base.TestActor.runOneSession(TestActor.java:2981)\r\n\tat org.getopentest.base.TestActor.runOneSession(TestActor.java:3017)\r\n\tat org.getopentest.Main.main(Main.java:20)\r\nCaused by: java.lang.RuntimeException: There was an error while executing action no. 1 (org.getopentest.selenium.NavigateTo) in segment 1 of test web/Navigation Test.\nThe action definition was:\n{\n  \"action\": \"org.getopentest.selenium.NavigateTo\",\n  \"args\": {\n    \"url\": \"http://localhost:4200/#/\"\n  },\n  \"description\": \"Navigate to the login page\"\n}\r\n\tat org.getopentest.base.TestActor.executeTestSegment(TestActor.java:2123)\r\n\t... 3 more\r\nCaused by: java.lang.RuntimeException: Failed executing action org.getopentest.selenium.NavigateTo with arguments {\"url\":\"http://localhost:4200/#/\"}\r\n\tat org.getopentest.base.TestActor.executeActionByDef(TestActor.java:1821)\r\n\tat org.getopentest.base.TestActor.executeTestSegment(TestActor.java:2073)\r\n\t... 3 more\r\nCaused by: java.lang.RuntimeException: org.openqa.selenium.WebDriverException: unknown error: cannot find Chrome binary\nBuild info: version: '3.141.59', revision: 'e82be7d358', time: '2018-11-14T08:17:03'\nSystem info: host: 'AOLIVEIRA-N', ip: '192.168.15.189', os.name: 'Windows 10', os.arch: 'x86', os.version: '10.0', java.version: '1.8.0_311'\nDriver info: driver.version: ChromeDriver\nremote stacktrace: Backtrace:\n\tOrdinal0 [0x0061A113+1548563]\n\tOrdinal0 [0x0059DDA1+1039777]\n\tOrdinal0 [0x0051E485+517253]\n\tOrdinal0 [0x004AC0F1+49393]\n\tOrdinal0 [0x004CB797+178071]\n\tOrdinal0 [0x004CB59D+177565]\n\tOrdinal0 [0x004C95FB+169467]\n\tOrdinal0 [0x004B160A+71178]\n\tOrdinal0 [0x004B2690+75408]\n\tOrdinal0 [0x004B2629+75305]\n\tOrdinal0 [0x005B71B7+1143223]\n\tGetHandleVerifier [0x006B2B46+507814]\n\tGetHandleVerifier [0x006B2864+507076]\n\tGetHandleVerifier [0x006B9F47+537511]\n\tGetHandleVerifier [0x006B3402+510050]\n\tOrdinal0 [0x005AF29C+1110684]\n\tOrdinal0 [0x005B938B+1151883]\n\tOrdinal0 [0x005B94F3+1152243]\n\tOrdinal0 [0x005B83F5+1147893]\n\tBaseThreadInitThunk [0x76AE6359+25]\n\tRtlGetAppContainerNamedObjectPath [0x76FB87A4+228]\n\tRtlGetAppContainerNamedObjectPath [0x76FB8774+180]\n\r\n\tat org.getopentest.base.TestActor.executeActionByClassName(TestActor.java:1626)\r\n\tat org.getopentest.base.TestActor.executeActionByDef(TestActor.java:1705)\r\n\t... 4 more\r\nCaused by: org.openqa.selenium.WebDriverException: unknown error: cannot find Chrome binary\nBuild info: version: '3.141.59', revision: 'e82be7d358', time: '2018-11-14T08:17:03'\nSystem info: host: 'AOLIVEIRA-N', ip: '192.168.15.189', os.name: 'Windows 10', os.arch: 'x86', os.version: '10.0', java.version: '1.8.0_311'\nDriver info: driver.version: ChromeDriver\nremote stacktrace: Backtrace:\n\tOrdinal0 [0x0061A113+1548563]\n\tOrdinal0 [0x0059DDA1+1039777]\n\tOrdinal0 [0x0051E485+517253]\n\tOrdinal0 [0x004AC0F1+49393]\n\tOrdinal0 [0x004CB797+178071]\n\tOrdinal0 [0x004CB59D+177565]\n\tOrdinal0 [0x004C95FB+169467]\n\tOrdinal0 [0x004B160A+71178]\n\tOrdinal0 [0x004B2690+75408]\n\tOrdinal0 [0x004B2629+75305]\n\tOrdinal0 [0x005B71B7+1143223]\n\tGetHandleVerifier [0x006B2B46+507814]\n\tGetHandleVerifier [0x006B2864+507076]\n\tGetHandleVerifier [0x006B9F47+537511]\n\tGetHandleVerifier [0x006B3402+510050]\n\tOrdinal0 [0x005AF29C+1110684]\n\tOrdinal0 [0x005B938B+1151883]\n\tOrdinal0 [0x005B94F3+1152243]\n\tOrdinal0 [0x005B83F5+1147893]\n\tBaseThreadInitThunk [0x76AE6359+25]\n\tRtlGetAppContainerNamedObjectPath [0x76FB87A4+228]\n\tRtlGetAppContainerNamedObjectPath [0x76FB8774+180]\n\r\n\tat sun.reflect.NativeConstructorAccessorImpl.newInstance0(Native Method)\r\n\tat sun.reflect.NativeConstructorAccessorImpl.newInstance(Unknown Source)\r\n\tat sun.reflect.DelegatingConstructorAccessorImpl.newInstance(Unknown Source)\r\n\tat java.lang.reflect.Constructor.newInstance(Unknown Source)\r\n\tat org.openqa.selenium.remote.W3CHandshakeResponse.lambda$errorHandler$0(W3CHandshakeResponse.java:62)\r\n\tat org.openqa.selenium.remote.HandshakeResponse.lambda$getResponseFunction$0(HandshakeResponse.java:30)\r\n\tat org.openqa.selenium.remote.ProtocolHandshake.lambda$createSession$0(ProtocolHandshake.java:126)\r\n\tat java.util.stream.ReferencePipeline$3$1.accept(Unknown Source)\r\n\tat java.util.Spliterators$ArraySpliterator.tryAdvance(Unknown Source)\r\n\tat java.util.stream.ReferencePipeline.forEachWithCancel(Unknown Source)\r\n\tat java.util.stream.AbstractPipeline.copyIntoWithCancel(Unknown Source)\r\n\tat java.util.stream.AbstractPipeline.copyInto(Unknown Source)\r\n\tat java.util.stream.AbstractPipeline.wrapAndCopyInto(Unknown Source)\r\n\tat java.util.stream.FindOps$FindOp.evaluateSequential(Unknown Source)\r\n\tat java.util.stream.AbstractPipeline.evaluate(Unknown Source)\r\n\tat java.util.stream.ReferencePipeline.findFirst(Unknown Source)\r\n\tat org.openqa.selenium.remote.ProtocolHandshake.createSession(ProtocolHandshake.java:128)\r\n\tat org.openqa.selenium.remote.ProtocolHandshake.createSession(ProtocolHandshake.java:74)\r\n\tat org.openqa.selenium.remote.HttpCommandExecutor.execute(HttpCommandExecutor.java:136)\r\n\tat org.openqa.selenium.remote.service.DriverCommandExecutor.execute(DriverCommandExecutor.java:83)\r\n\tat org.openqa.selenium.remote.RemoteWebDriver.execute(RemoteWebDriver.java:552)\r\n\tat org.openqa.selenium.remote.RemoteWebDriver.startSession(RemoteWebDriver.java:213)\r\n\tat org.openqa.selenium.remote.RemoteWebDriver.<init>(RemoteWebDriver.java:131)\r\n\tat org.openqa.selenium.chrome.ChromeDriver.<init>(ChromeDriver.java:181)\r\n\tat org.openqa.selenium.chrome.ChromeDriver.<init>(ChromeDriver.java:168)\r\n\tat org.openqa.selenium.chrome.ChromeDriver.<init>(ChromeDriver.java:157)\r\n\tat org.getopentest.selenium.core.SeleniumHelper.createDriver(SeleniumHelper.java:91)\r\n\tat org.getopentest.selenium.core.SeleniumHelper.getDriver(SeleniumHelper.java:237)\r\n\tat org.getopentest.selenium.core.SeleniumTestAction.initialize(SeleniumTestAction.java:203)\r\n\tat org.getopentest.base.TestActor.executeAction(TestActor.java:1509)\r\n\tat org.getopentest.base.TestActor.executeActionByClassName(TestActor.java:1603)\r\n\t... 5 more\r\n","v":0}
{"name":"1636761992","hostname":"AOLIVEIRA-N","pid":12060,"level":30,"actorType":"WEB","actorId":"17068","time":"2021-11-13T00:07:12.381Z","msg":"Test session has completed","v":0}
{"name":"1636761992","hostname":"AOLIVEIRA-N","pid":12060,"level":10,"actorType":"WEB","actorId":"17068","time":"2021-11-13T00:07:12.381Z","msg":"TRACE: Firing TEST_COMPLETED event...","v":0}
{"name":"1636761992","hostname":"AOLIVEIRA-N","pid":12060,"level":30,"actorType":"WEB","actorId":"17068","time":"2021-11-13T00:07:12.382Z","msg":"Using local Selenium server","v":0}
{"name":"1636761992","hostname":"AOLIVEIRA-N","pid":12060,"level":10,"actorType":"WEB","actorId":"17068","time":"2021-11-13T00:07:12.382Z","msg":"TRACE: Setting system property \"webdriver.chrome.driver\" to \"C:/Selenium/chromedriver.exe\"","v":0}
{"name":"1636761992","hostname":"AOLIVEIRA-N","pid":12060,"level":50,"actorType":"WEB","actorId":"17068","time":"2021-11-13T00:07:12.914Z","msg":"ERROR: The \"runOneSession\" method failed","v":0}
{"name":"1636761992","hostname":"AOLIVEIRA-N","pid":12060,"level":50,"actorType":"WEB","actorId":"17068","time":"2021-11-13T00:07:12.915Z","msg":"ERROR: java.lang.NullPointerException\r\n\tat org.getopentest.selenium.core.SeleniumTestAction$1.update(SeleniumTestAction.java:190)\r\n\tat java.util.Observable.notifyObservers(Unknown Source)\r\n\tat org.getopentest.base.TestActor.runOneSession(TestActor.java:3006)\r\n\tat org.getopentest.base.TestActor.runOneSession(TestActor.java:3017)\r\n\tat org.getopentest.Main.main(Main.java:20)\r\n","v":0}
{"name":"1636761992","hostname":"AOLIVEIRA-N","pid":12060,"level":30,"actorType":"WEB","actorId":"17068","time":"2021-11-13T00:07:12.915Z","msg":"Actor 17068 of type WEB with no tags is waiting to be acquired by a test session...","v":0}
