{"id":1632876027,"actors":{"40988":{"id":40988,"lastSeenTime":1632876024934,"testSessionId":1632876027,"type":"ACTOR1","tags":[],"_id":"J3I4FNpmCCUHg4aE","ip":"::ffff:127.0.0.1","tests":[{"currentSegmentIndex":1,"segments":[{"index":0,"status":"completed","timeStarted":1632876030705,"timeCompleted":1632876030712,"result":"passed"},{"index":1,"status":"completed","timeStarted":1632876030728,"timeCompleted":1632876040861,"result":"passed"}],"name":"Login Page","path":"web","timeCompleted":null,"timeStarted":1632876030705}]}},"maxIterations":"3","currentIteration":1,"currentTestIndex":1,"currentSegmentIndex":0,"label":"Teste Login 9","result":"passed","status":"completed","tests":[{"actions":[{"action":"org.getopentest.selenium.NavigateTo","actorType":"ACTOR1","args":{"url":"http://localhost:4200/#/"},"isCheckpoint":false,"description":"Navigate to the login page","durationMs":9725,"macroStack":[],"result":"passed","segment":1},{"action":"org.getopentest.selenium.ActionsPause","actorType":"ACTOR1","args":{"durationMs":20000},"isCheckpoint":false,"description":"Pause for 20 second","durationMs":0,"macroStack":[],"result":"passed","segment":1},{"action":"org.getopentest.selenium.SendKeys","actorType":"ACTOR1","args":{"locator":{"id":"InpLogin"},"text":"admin"},"isCheckpoint":false,"description":"Insert User","durationMs":143,"macroStack":[],"result":"passed","segment":1},{"action":"org.getopentest.selenium.ActionsPause","actorType":"ACTOR1","args":{"durationMs":20000},"isCheckpoint":false,"description":"Pause for 20 second","durationMs":0,"macroStack":[],"result":"passed","segment":1},{"action":"org.getopentest.selenium.SendKeys","actorType":"ACTOR1","args":{"locator":{"id":"InpSenha"},"text":"admin"},"isCheckpoint":false,"description":"Insert Password","durationMs":147,"macroStack":[],"result":"passed","segment":1},{"action":"org.getopentest.selenium.Click","actorType":"ACTOR1","args":{"locator":{"id":"BtnLogin"}},"isCheckpoint":false,"description":"Click the submit button","durationMs":100,"macroStack":[],"result":"passed","segment":1},{"action":"org.getopentest.selenium.ActionsPause","actorType":"ACTOR1","args":{"durationMs":20000},"isCheckpoint":false,"description":"Pause for 20 second","durationMs":0,"macroStack":[],"result":"passed","segment":1}],"currentIteration":1,"currentSegmentIndex":0,"isDataDriven":false,"name":"Login Page","path":"web","result":"passed","status":"completed","segments":[{"index":0,"result":"passed","status":"completed","timeStarted":1632876030705,"timeCompleted":1632876030712},{"index":1,"result":"passed","status":"completed","timeStarted":1632876030728,"timeCompleted":1632876040861}],"tags":[],"timeStarted":1632876030705,"timeCompleted":1632876040861}],"timeCreated":1632876026747,"timeStarted":1632876030705,"timeCompleted":1632876040861,"lastActivity":1632876040858,"_id":"B6i4j0wmq7h5I0qz","actorTags":[],"environment":"","currentDataRecordIndex":-1}
{"id":1632875033,"actors":{"40988":{"id":40988,"lastSeenTime":1632875028985,"testSessionId":1632875033,"type":"ACTOR1","tags":[],"_id":"J3I4FNpmCCUHg4aE","ip":"::ffff:127.0.0.1","tests":[{"currentSegmentIndex":1,"segments":[{"index":0,"status":"completed","timeStarted":1632875034534,"timeCompleted":1632875034540,"result":"passed"},{"index":1,"status":"completed","timeStarted":1632875034549,"timeCompleted":1632875044582,"result":"passed"}],"name":"Login Page","path":"web","timeCompleted":null,"timeStarted":1632875034534}]}},"maxIterations":"1","currentIteration":1,"currentTestIndex":1,"currentSegmentIndex":0,"label":"Teste Login 7","result":"passed","status":"completed","tests":[{"actions":[{"action":"org.getopentest.selenium.NavigateTo","actorType":"ACTOR1","args":{"url":"http://localhost:4200/#/"},"isCheckpoint":false,"description":"Navigate to the login page","durationMs":9689,"macroStack":[],"result":"passed","segment":1},{"action":"org.getopentest.selenium.ActionsPause","actorType":"ACTOR1","args":{"durationMs":10000},"isCheckpoint":false,"description":"Pause for 1 second","durationMs":0,"macroStack":[],"result":"passed","segment":1},{"action":"org.getopentest.selenium.SendKeys","actorType":"ACTOR1","args":{"locator":{"id":"InpLogin"},"text":"admin"},"isCheckpoint":false,"description":"Insert User","durationMs":118,"macroStack":[],"result":"passed","segment":1},{"action":"org.getopentest.selenium.ActionsPause","actorType":"ACTOR1","args":{"durationMs":10000},"isCheckpoint":false,"description":"Pause for 1 second","durationMs":0,"macroStack":[],"result":"passed","segment":1},{"action":"org.getopentest.selenium.SendKeys","actorType":"ACTOR1","args":{"locator":{"id":"InpSenha"},"text":"admin"},"isCheckpoint":false,"description":"Insert Password","durationMs":119,"macroStack":[],"result":"passed","segment":1},{"action":"org.getopentest.selenium.Click","actorType":"ACTOR1","args":{"locator":{"id":"BtnLogin"}},"isCheckpoint":false,"description":"Click the submit button","durationMs":90,"macroStack":[],"result":"passed","segment":1},{"action":"org.getopentest.selenium.ActionsPause","actorType":"ACTOR1","args":{"durationMs":10000},"isCheckpoint":false,"description":"Pause for 1 second","durationMs":0,"macroStack":[],"result":"passed","segment":1}],"currentIteration":1,"currentSegmentIndex":0,"isDataDriven":false,"name":"Login Page","path":"web","result":"passed","status":"completed","segments":[{"index":0,"result":"passed","status":"completed","timeStarted":1632875034534,"timeCompleted":1632875034540},{"index":1,"result":"passed","status":"completed","timeStarted":1632875034549,"timeCompleted":1632875044582}],"tags":[],"timeStarted":1632875034534,"timeCompleted":1632875044582}],"timeCreated":1632875033293,"timeStarted":1632875034534,"timeCompleted":1632875044582,"lastActivity":1632875044576,"_id":"DsbVlATCflLsV6wN","actorTags":[],"environment":"","currentDataRecordIndex":-1}
{"id":1632874702,"actors":{"40988":{"id":40988,"lastSeenTime":1632874698691,"testSessionId":1632874702,"type":"ACTOR1","tags":[],"_id":"J3I4FNpmCCUHg4aE","ip":"::ffff:127.0.0.1","tests":[{"currentSegmentIndex":1,"segments":[{"index":0,"status":"completed","timeStarted":1632874704216,"timeCompleted":1632874704222,"result":"passed"},{"index":1,"status":"completed","timeStarted":1632874704236,"timeCompleted":1632874714345,"result":"passed"}],"name":"Login Page","path":"web","timeCompleted":null,"timeStarted":1632874704216}]}},"maxIterations":"1","currentIteration":1,"currentTestIndex":1,"currentSegmentIndex":0,"label":"Teste Login 3","result":"passed","status":"completed","tests":[{"actions":[{"action":"org.getopentest.selenium.NavigateTo","actorType":"ACTOR1","args":{"url":"http://localhost:4200/#/"},"isCheckpoint":false,"description":"Navigate to the login page","durationMs":9689,"macroStack":[],"result":"passed","segment":1},{"action":"org.getopentest.selenium.SendKeys","actorType":"ACTOR1","args":{"locator":{"id":"InpLogin"},"text":"opentest"},"isCheckpoint":false,"description":"Insert User","durationMs":164,"macroStack":[],"result":"passed","segment":1},{"action":"org.getopentest.selenium.SendKeys","actorType":"ACTOR1","args":{"locator":{"id":"InpSenha"},"text":"opentest"},"isCheckpoint":false,"description":"Insert Password","durationMs":152,"macroStack":[],"result":"passed","segment":1},{"action":"org.getopentest.selenium.Click","actorType":"ACTOR1","args":{"locator":{"id":"BtnLogin"}},"isCheckpoint":false,"description":"Click the submit button","durationMs":95,"macroStack":[],"result":"passed","segment":1}],"currentIteration":1,"currentSegmentIndex":0,"isDataDriven":false,"name":"Login Page","path":"web","result":"passed","status":"completed","segments":[{"index":0,"result":"passed","status":"completed","timeStarted":1632874704216,"timeCompleted":1632874704222},{"index":1,"result":"passed","status":"completed","timeStarted":1632874704236,"timeCompleted":1632874714345}],"tags":[],"timeStarted":1632874704216,"timeCompleted":1632874714345}],"timeCreated":1632874701595,"timeStarted":1632874704216,"timeCompleted":1632874714345,"lastActivity":1632874714345,"_id":"FHoUUREYFjgFrHLv","actorTags":[],"environment":"","currentDataRecordIndex":-1}
{"id":1632874630,"actors":{"40988":{"id":40988,"lastSeenTime":1632874628629,"testSessionId":1632874630,"type":"ACTOR1","tags":[],"_id":"J3I4FNpmCCUHg4aE","ip":"::ffff:127.0.0.1","tests":[{"currentSegmentIndex":1,"segments":[{"index":0,"status":"completed","timeStarted":1632874633945,"timeCompleted":1632874633953,"result":"passed"},{"index":1,"status":"completed","timeStarted":1632874633965,"timeCompleted":1632874654996,"result":"failed","stackTrace":"java.lang.RuntimeException: There was an error while executing action no. 2 (org.getopentest.selenium.SendKeys) in segment 1 of test web/Login Page.\nThe action definition was:\n{\n  \"action\": \"org.getopentest.selenium.SendKeys\",\n  \"args\": {\n    \"locator\": {\n      \"id\": \"InpLogin\"\n    },\n    \"text\": \"opentest\"\n  },\n  \"description\": \"Insert User\"\n}\r\n\tat org.getopentest.base.TestActor.executeTestSegment(TestActor.java:2123)\r\n\tat org.getopentest.base.TestActor.runOneSession(TestActor.java:2981)\r\n\tat org.getopentest.base.TestActor.runOneSession(TestActor.java:3017)\r\n\tat org.getopentest.Main.main(Main.java:20)\r\nCaused by: java.lang.RuntimeException: Failed executing action org.getopentest.selenium.SendKeys with arguments {\"locator\":{\"id\":\"InpLogin\"},\"text\":\"opentest\"}\r\n\tat org.getopentest.base.TestActor.executeActionByDef(TestActor.java:1821)\r\n\tat org.getopentest.base.TestActor.executeTestSegment(TestActor.java:2073)\r\n\t... 3 more\r\nCaused by: java.lang.RuntimeException: java.lang.RuntimeException: Failed sending keys to element By.id: InpLogin\r\n\tat org.getopentest.base.TestActor.executeActionByClassName(TestActor.java:1626)\r\n\tat org.getopentest.base.TestActor.executeActionByDef(TestActor.java:1705)\r\n\t... 4 more\r\nCaused by: java.lang.RuntimeException: Failed sending keys to element By.id: InpLogin\r\n\tat org.getopentest.selenium.SendKeys.run(SendKeys.java:45)\r\n\tat org.getopentest.base.TestActor.executeAction(TestActor.java:1527)\r\n\tat org.getopentest.base.TestActor.executeActionByClassName(TestActor.java:1603)\r\n\t... 5 more\r\nCaused by: org.openqa.selenium.TimeoutException: Expected condition failed: waiting for presence of element located by: By.id: InpLogin (tried for 10 second(s) with 500 milliseconds interval)\r\n\tat org.openqa.selenium.support.ui.WebDriverWait.timeoutException(WebDriverWait.java:95)\r\n\tat org.openqa.selenium.support.ui.FluentWait.until(FluentWait.java:272)\r\n\tat org.getopentest.selenium.core.SeleniumTestAction.getElement(SeleniumTestAction.java:58)\r\n\tat org.getopentest.selenium.core.SeleniumTestAction.getElement(SeleniumTestAction.java:50)\r\n\tat org.getopentest.selenium.SendKeys.run(SendKeys.java:25)\r\n\t... 7 more\r\nCaused by: org.openqa.selenium.NoSuchElementException: no such element: Unable to locate element: {\"method\":\"css selector\",\"selector\":\"#InpLogin\"}\n  (Session info: chrome=79.0.3945.88)\nFor documentation on this error, please visit: https://www.seleniumhq.org/exceptions/no_such_element.html\nBuild info: version: '3.141.59', revision: 'e82be7d358', time: '2018-11-14T08:17:03'\nSystem info: host: 'AOLIVEIRA-N', ip: '192.168.15.76', os.name: 'Windows 10', os.arch: 'x86', os.version: '10.0', java.version: '1.8.0_301'\nDriver info: org.openqa.selenium.chrome.ChromeDriver\nCapabilities {acceptInsecureCerts: false, browserName: chrome, browserVersion: 79.0.3945.88, chrome: {chromedriverVersion: 79.0.3945.36 (3582db32b3389..., userDataDir: C:\\Users\\AOLIVE~1\\AppData\\L...}, goog:chromeOptions: {debuggerAddress: localhost:59758}, javascriptEnabled: true, networkConnectionEnabled: false, pageLoadStrategy: normal, platform: WINDOWS, platformName: WINDOWS, proxy: Proxy(), setWindowRect: true, strictFileInteractability: false, timeouts: {implicit: 0, pageLoad: 300000, script: 30000}, unhandledPromptBehavior: dismiss and notify}\nSession ID: ef1f8ddfb57d94a6575b941d350486f9\n*** Element info: {Using=id, value=InpLogin}\r\n\tat sun.reflect.GeneratedConstructorAccessor18.newInstance(Unknown Source)\r\n\tat sun.reflect.DelegatingConstructorAccessorImpl.newInstance(Unknown Source)\r\n\tat java.lang.reflect.Constructor.newInstance(Unknown Source)\r\n\tat org.openqa.selenium.remote.http.W3CHttpResponseCodec.createException(W3CHttpResponseCodec.java:187)\r\n\tat org.openqa.selenium.remote.http.W3CHttpResponseCodec.decode(W3CHttpResponseCodec.java:122)\r\n\tat org.openqa.selenium.remote.http.W3CHttpResponseCodec.decode(W3CHttpResponseCodec.java:49)\r\n\tat org.openqa.selenium.remote.HttpCommandExecutor.execute(HttpCommandExecutor.java:158)\r\n\tat org.openqa.selenium.remote.service.DriverCommandExecutor.execute(DriverCommandExecutor.java:83)\r\n\tat org.openqa.selenium.remote.RemoteWebDriver.execute(RemoteWebDriver.java:552)\r\n\tat org.openqa.selenium.remote.RemoteWebDriver.findElement(RemoteWebDriver.java:323)\r\n\tat org.openqa.selenium.remote.RemoteWebDriver.findElementById(RemoteWebDriver.java:372)\r\n\tat org.openqa.selenium.By$ById.findElement(By.java:188)\r\n\tat org.openqa.selenium.remote.RemoteWebDriver.findElement(RemoteWebDriver.java:315)\r\n\tat org.openqa.selenium.support.ui.ExpectedConditions$6.apply(ExpectedConditions.java:182)\r\n\tat org.openqa.selenium.support.ui.ExpectedConditions$6.apply(ExpectedConditions.java:179)\r\n\tat org.openqa.selenium.support.ui.FluentWait.until(FluentWait.java:249)\r\n\t... 10 more\r\n"}],"name":"Login Page","path":"web","timeCompleted":null,"timeStarted":1632874633945}]}},"maxIterations":"1","currentIteration":1,"currentTestIndex":1,"currentSegmentIndex":0,"label":"Teste Login 2","result":"failed","status":"completed","tests":[{"actions":[{"action":"org.getopentest.selenium.NavigateTo","actorType":"ACTOR1","args":{"url":"https://localhost:4200"},"isCheckpoint":false,"description":"Navigate to the login page","durationMs":9436,"macroStack":[],"result":"passed","segment":1},{"action":"org.getopentest.selenium.SendKeys","actorType":"ACTOR1","args":{"locator":{"id":"InpLogin"},"text":"opentest"},"isCheckpoint":false,"description":"Insert User","durationMs":11583,"macroStack":[],"result":"failed","screenshot":"SID1632874630_ACTOR1_T01_SG01_ST02_error.png","segment":1,"stackTrace":"java.lang.RuntimeException: java.lang.RuntimeException: Failed sending keys to element By.id: InpLogin\r\n\tat org.getopentest.base.TestActor.executeActionByClassName(TestActor.java:1626)\r\n\tat org.getopentest.base.TestActor.executeActionByDef(TestActor.java:1705)\r\n\tat org.getopentest.base.TestActor.executeTestSegment(TestActor.java:2073)\r\n\tat org.getopentest.base.TestActor.runOneSession(TestActor.java:2981)\r\n\tat org.getopentest.base.TestActor.runOneSession(TestActor.java:3017)\r\n\tat org.getopentest.Main.main(Main.java:20)\r\nCaused by: java.lang.RuntimeException: Failed sending keys to element By.id: InpLogin\r\n\tat org.getopentest.selenium.SendKeys.run(SendKeys.java:45)\r\n\tat org.getopentest.base.TestActor.executeAction(TestActor.java:1527)\r\n\tat org.getopentest.base.TestActor.executeActionByClassName(TestActor.java:1603)\r\n\t... 5 more\r\nCaused by: org.openqa.selenium.TimeoutException: Expected condition failed: waiting for presence of element located by: By.id: InpLogin (tried for 10 second(s) with 500 milliseconds interval)\r\n\tat org.openqa.selenium.support.ui.WebDriverWait.timeoutException(WebDriverWait.java:95)\r\n\tat org.openqa.selenium.support.ui.FluentWait.until(FluentWait.java:272)\r\n\tat org.getopentest.selenium.core.SeleniumTestAction.getElement(SeleniumTestAction.java:58)\r\n\tat org.getopentest.selenium.core.SeleniumTestAction.getElement(SeleniumTestAction.java:50)\r\n\tat org.getopentest.selenium.SendKeys.run(SendKeys.java:25)\r\n\t... 7 more\r\nCaused by: org.openqa.selenium.NoSuchElementException: no such element: Unable to locate element: {\"method\":\"css selector\",\"selector\":\"#InpLogin\"}\n  (Session info: chrome=79.0.3945.88)\nFor documentation on this error, please visit: https://www.seleniumhq.org/exceptions/no_such_element.html\nBuild info: version: '3.141.59', revision: 'e82be7d358', time: '2018-11-14T08:17:03'\nSystem info: host: 'AOLIVEIRA-N', ip: '192.168.15.76', os.name: 'Windows 10', os.arch: 'x86', os.version: '10.0', java.version: '1.8.0_301'\nDriver info: org.openqa.selenium.chrome.ChromeDriver\nCapabilities {acceptInsecureCerts: false, browserName: chrome, browserVersion: 79.0.3945.88, chrome: {chromedriverVersion: 79.0.3945.36 (3582db32b3389..., userDataDir: C:\\Users\\AOLIVE~1\\AppData\\L...}, goog:chromeOptions: {debuggerAddress: localhost:59758}, javascriptEnabled: true, networkConnectionEnabled: false, pageLoadStrategy: normal, platform: WINDOWS, platformName: WINDOWS, proxy: Proxy(), setWindowRect: true, strictFileInteractability: false, timeouts: {implicit: 0, pageLoad: 300000, script: 30000}, unhandledPromptBehavior: dismiss and notify}\nSession ID: ef1f8ddfb57d94a6575b941d350486f9\n*** Element info: {Using=id, value=InpLogin}\r\n\tat sun.reflect.GeneratedConstructorAccessor18.newInstance(Unknown Source)\r\n\tat sun.reflect.DelegatingConstructorAccessorImpl.newInstance(Unknown Source)\r\n\tat java.lang.reflect.Constructor.newInstance(Unknown Source)\r\n\tat org.openqa.selenium.remote.http.W3CHttpResponseCodec.createException(W3CHttpResponseCodec.java:187)\r\n\tat org.openqa.selenium.remote.http.W3CHttpResponseCodec.decode(W3CHttpResponseCodec.java:122)\r\n\tat org.openqa.selenium.remote.http.W3CHttpResponseCodec.decode(W3CHttpResponseCodec.java:49)\r\n\tat org.openqa.selenium.remote.HttpCommandExecutor.execute(HttpCommandExecutor.java:158)\r\n\tat org.openqa.selenium.remote.service.DriverCommandExecutor.execute(DriverCommandExecutor.java:83)\r\n\tat org.openqa.selenium.remote.RemoteWebDriver.execute(RemoteWebDriver.java:552)\r\n\tat org.openqa.selenium.remote.RemoteWebDriver.findElement(RemoteWebDriver.java:323)\r\n\tat org.openqa.selenium.remote.RemoteWebDriver.findElementById(RemoteWebDriver.java:372)\r\n\tat org.openqa.selenium.By$ById.findElement(By.java:188)\r\n\tat org.openqa.selenium.remote.RemoteWebDriver.findElement(RemoteWebDriver.java:315)\r\n\tat org.openqa.selenium.support.ui.ExpectedConditions$6.apply(ExpectedConditions.java:182)\r\n\tat org.openqa.selenium.support.ui.ExpectedConditions$6.apply(ExpectedConditions.java:179)\r\n\tat org.openqa.selenium.support.ui.FluentWait.until(FluentWait.java:249)\r\n\t... 10 more\r\n"}],"currentIteration":1,"currentSegmentIndex":0,"isDataDriven":false,"name":"Login Page","path":"web","result":"failed","status":"completed","segments":[{"index":0,"result":"passed","status":"completed","timeStarted":1632874633945,"timeCompleted":1632874633953},{"index":1,"result":"failed","status":"completed","timeStarted":1632874633965,"timeCompleted":1632874654996}],"tags":[],"timeStarted":1632874633945,"timeCompleted":1632874654996}],"timeCreated":1632874630444,"timeStarted":1632874633945,"timeCompleted":1632874654996,"lastActivity":1632874654995,"_id":"H403z304Gn1v02cm","actorTags":[],"environment":"","currentDataRecordIndex":-1}
{"id":1632875926,"actors":{"40988":{"id":40988,"lastSeenTime":1632875924827,"testSessionId":1632875926,"type":"ACTOR1","tags":[],"_id":"J3I4FNpmCCUHg4aE","ip":"::ffff:127.0.0.1","tests":[{"currentSegmentIndex":1,"segments":[{"index":0,"status":"completed","timeStarted":1632875930244,"timeCompleted":1632875930253,"result":"passed"},{"index":1,"status":"completed","timeStarted":1632875930273,"timeCompleted":1632875940463,"result":"passed"}],"name":"Login Page","path":"web","timeCompleted":null,"timeStarted":1632875930244}]}},"maxIterations":"3","currentIteration":1,"currentTestIndex":1,"currentSegmentIndex":0,"label":"Teste Login 8","result":"passed","status":"completed","tests":[{"actions":[{"action":"org.getopentest.selenium.NavigateTo","actorType":"ACTOR1","args":{"url":"http://localhost:4200/#/"},"isCheckpoint":false,"description":"Navigate to the login page","durationMs":9775,"macroStack":[],"result":"passed","segment":1},{"action":"org.getopentest.selenium.ActionsPause","actorType":"ACTOR1","args":{"durationMs":20000},"isCheckpoint":false,"description":"Pause for 1 second","durationMs":1,"macroStack":[],"result":"passed","segment":1},{"action":"org.getopentest.selenium.SendKeys","actorType":"ACTOR1","args":{"locator":{"id":"InpLogin"},"text":"admin"},"isCheckpoint":false,"description":"Insert User","durationMs":141,"macroStack":[],"result":"passed","segment":1},{"action":"org.getopentest.selenium.ActionsPause","actorType":"ACTOR1","args":{"durationMs":20000},"isCheckpoint":false,"description":"Pause for 1 second","durationMs":0,"macroStack":[],"result":"passed","segment":1},{"action":"org.getopentest.selenium.SendKeys","actorType":"ACTOR1","args":{"locator":{"id":"InpSenha"},"text":"admin"},"isCheckpoint":false,"description":"Insert Password","durationMs":144,"macroStack":[],"result":"passed","segment":1},{"action":"org.getopentest.selenium.Click","actorType":"ACTOR1","args":{"locator":{"id":"BtnLogin"}},"isCheckpoint":false,"description":"Click the submit button","durationMs":109,"macroStack":[],"result":"passed","segment":1},{"action":"org.getopentest.selenium.ActionsPause","actorType":"ACTOR1","args":{"durationMs":20000},"isCheckpoint":false,"description":"Pause for 1 second","durationMs":0,"macroStack":[],"result":"passed","segment":1}],"currentIteration":1,"currentSegmentIndex":0,"isDataDriven":false,"name":"Login Page","path":"web","result":"passed","status":"completed","segments":[{"index":0,"result":"passed","status":"completed","timeStarted":1632875930244,"timeCompleted":1632875930253},{"index":1,"result":"passed","status":"completed","timeStarted":1632875930273,"timeCompleted":1632875940463}],"tags":[],"timeStarted":1632875930244,"timeCompleted":1632875940463}],"timeCreated":1632875925572,"timeStarted":1632875930244,"timeCompleted":1632875940463,"lastActivity":1632875940459,"_id":"IpkEXkbdqmzEuSdj","actorTags":[],"environment":"","currentDataRecordIndex":-1}
{"id":1632874407,"actors":{"40988":{"id":40988,"lastSeenTime":1632874403427,"testSessionId":1632874407,"type":"ACTOR1","tags":[],"_id":"J3I4FNpmCCUHg4aE","ip":"::ffff:127.0.0.1","tests":[{"currentSegmentIndex":1,"segments":[{"index":0,"status":"completed","timeStarted":1632874409483,"timeCompleted":1632874409490,"result":"passed"},{"index":1,"status":"completed","timeStarted":1632874409503,"timeCompleted":1632874419629,"result":"passed"}],"name":"Login Page","path":"web","timeCompleted":null,"timeStarted":1632874409483}]}},"maxIterations":"1","currentIteration":1,"currentTestIndex":1,"currentSegmentIndex":0,"label":"Teste Login 1","result":"passed","status":"completed","tests":[{"actions":[{"action":"org.getopentest.selenium.NavigateTo","actorType":"ACTOR1","args":{"url":"https://localhost:4200"},"isCheckpoint":false,"description":"Navigate to the login page","durationMs":10111,"macroStack":[],"result":"passed","segment":1}],"currentIteration":1,"currentSegmentIndex":0,"isDataDriven":false,"name":"Login Page","path":"web","result":"passed","status":"completed","segments":[{"index":0,"result":"passed","status":"completed","timeStarted":1632874409483,"timeCompleted":1632874409490},{"index":1,"result":"passed","status":"completed","timeStarted":1632874409503,"timeCompleted":1632874419629}],"tags":[],"timeStarted":1632874409483,"timeCompleted":1632874419629}],"timeCreated":1632874407023,"timeStarted":1632874409483,"timeCompleted":1632874419629,"lastActivity":1632874419628,"_id":"N8dsPKolvOH3u5b5","actorTags":[],"environment":"","currentDataRecordIndex":-1}
{"id":1632877501,"actors":{"3832":{"id":3832,"lastSeenTime":1632877499995,"testSessionId":1632877501,"type":"WEB","tags":[],"_id":"TQIXQGyXi1cblHdc","ip":"::ffff:127.0.0.1","tests":[{"currentSegmentIndex":1,"segments":[{"index":0,"status":"completed","timeStarted":1632877505529,"timeCompleted":1632877505535,"result":"passed"},{"index":1,"status":"completed","timeStarted":1632877505548,"timeCompleted":1632877515694,"result":"passed"}],"name":"Login Page","path":"web","timeCompleted":null,"timeStarted":1632877505529},{"currentSegmentIndex":2,"segments":[{"index":0,"status":"completed","timeStarted":1632877516951,"timeCompleted":1632877516955,"result":"passed"},{"index":1,"status":"completed","timeStarted":1632877516967,"timeCompleted":1632877527130,"result":"passed"},{"index":2,"status":"completed","timeStarted":1632877527640,"timeCompleted":1632877527743,"result":"passed"}],"name":"Navigation Test","path":"web","timeCompleted":null,"timeStarted":1632877516951}]}},"maxIterations":3,"currentIteration":1,"currentTestIndex":2,"currentSegmentIndex":0,"label":"Quick start tests","result":"passed","status":"completed","tests":[{"actions":[{"action":"org.getopentest.selenium.NavigateTo","actorType":"WEB","args":{"url":"http://localhost:4200/#/"},"isCheckpoint":false,"description":"Navigate to the login page","durationMs":9749,"macroStack":[],"result":"passed","segment":1},{"action":"org.getopentest.selenium.SendKeys","actorType":"WEB","args":{"locator":{"id":"InpLogin"},"text":"admin"},"isCheckpoint":false,"description":"Insert User","durationMs":125,"macroStack":[],"result":"passed","segment":1},{"action":"org.getopentest.selenium.SendKeys","actorType":"WEB","args":{"locator":{"id":"InpSenha"},"text":"admin"},"isCheckpoint":false,"description":"Insert Password","durationMs":131,"macroStack":[],"result":"passed","segment":1},{"action":"org.getopentest.selenium.Click","actorType":"WEB","args":{"locator":{"id":"BtnLogin"}},"isCheckpoint":false,"description":"Click the submit button","durationMs":132,"macroStack":[],"result":"passed","segment":1}],"currentIteration":1,"currentSegmentIndex":0,"isDataDriven":false,"name":"Login Page","path":"web","result":"passed","status":"completed","segments":[{"index":0,"result":"passed","status":"completed","timeStarted":1632877505529,"timeCompleted":1632877505535},{"index":1,"result":"passed","status":"completed","timeStarted":1632877505548,"timeCompleted":1632877515694}],"tags":[],"timeStarted":1632877505529,"timeCompleted":1632877515694},{"actions":[{"action":"org.getopentest.selenium.NavigateTo","actorType":"WEB","args":{"url":"http://localhost:4200/#/"},"isCheckpoint":false,"description":"Navigate to the login page","durationMs":9747,"macroStack":[],"result":"passed","segment":1},{"action":"org.getopentest.selenium.SendKeys","actorType":"WEB","args":{"locator":{"id":"InpLogin"},"text":"admin"},"isCheckpoint":false,"description":"Insert User","durationMs":138,"macroStack":[],"result":"passed","segment":1},{"action":"org.getopentest.selenium.SendKeys","actorType":"WEB","args":{"locator":{"id":"InpSenha"},"text":"admin"},"isCheckpoint":false,"description":"Insert Password","durationMs":143,"macroStack":[],"result":"passed","segment":1},{"action":"org.getopentest.selenium.Click","actorType":"WEB","args":{"locator":{"id":"BtnLogin"}},"isCheckpoint":false,"description":"Click the submit button","durationMs":125,"macroStack":[],"result":"passed","segment":1},{"action":"org.getopentest.selenium.Click","actorType":"WEB","args":{"locator":{"id":"BtnDoResumo"}},"isCheckpoint":false,"description":"Click the summarization button","durationMs":98,"macroStack":[],"result":"passed","segment":2}],"currentIteration":1,"currentSegmentIndex":0,"isDataDriven":false,"name":"Navigation Test","path":"web","result":"passed","status":"completed","segments":[{"index":0,"result":"passed","status":"completed","timeStarted":1632877516951,"timeCompleted":1632877516955},{"index":1,"result":"passed","status":"completed","timeStarted":1632877516967,"timeCompleted":1632877527130},{"index":2,"result":"passed","status":"completed","timeStarted":1632877527640,"timeCompleted":1632877527743}],"tags":[],"timeStarted":1632877516951,"timeCompleted":1632877527743}],"timeCreated":1632877500572,"timeStarted":1632877505529,"timeCompleted":1632877527743,"lastActivity":1632877527742,"_id":"Nc3XEGOp6IJXDele","actorTags":[],"environment":"","currentDataRecordIndex":-1}
{"id":1632876447,"actors":{"40988":{"id":40988,"lastSeenTime":1632876445313,"testSessionId":1632876447,"type":"ACTOR1","tags":[],"_id":"J3I4FNpmCCUHg4aE","ip":"::ffff:127.0.0.1","tests":[{"currentSegmentIndex":1,"segments":[{"index":0,"status":"completed","timeStarted":1632876450894,"timeCompleted":1632876450898,"result":"passed"},{"index":1,"status":"completed","timeStarted":1632876450910,"timeCompleted":1632876460928,"result":"passed"}],"name":"Login Page","path":"web","timeCompleted":null,"timeStarted":1632876450894}]}},"maxIterations":3,"currentIteration":1,"currentTestIndex":1,"currentSegmentIndex":0,"label":"Quick start tests","result":"passed","status":"completed","tests":[{"actions":[{"action":"org.getopentest.selenium.NavigateTo","actorType":"ACTOR1","args":{"url":"http://localhost:4200/#/"},"isCheckpoint":false,"description":"Navigate to the login page","durationMs":9675,"macroStack":[],"result":"passed","segment":1},{"action":"org.getopentest.selenium.ActionsPause","actorType":"ACTOR1","args":{"durationMs":20000},"isCheckpoint":false,"description":"Pause for 20 second","durationMs":0,"macroStack":[],"result":"passed","segment":1},{"action":"org.getopentest.selenium.SendKeys","actorType":"ACTOR1","args":{"locator":{"id":"InpLogin"},"text":"admin"},"isCheckpoint":false,"description":"Insert User","durationMs":106,"macroStack":[],"result":"passed","segment":1},{"action":"org.getopentest.selenium.ActionsPause","actorType":"ACTOR1","args":{"durationMs":20000},"isCheckpoint":false,"description":"Pause for 20 second","durationMs":0,"macroStack":[],"result":"passed","segment":1},{"action":"org.getopentest.selenium.SendKeys","actorType":"ACTOR1","args":{"locator":{"id":"InpSenha"},"text":"admin"},"isCheckpoint":false,"description":"Insert Password","durationMs":134,"macroStack":[],"result":"passed","segment":1},{"action":"org.getopentest.selenium.Click","actorType":"ACTOR1","args":{"locator":{"id":"BtnLogin"}},"isCheckpoint":false,"description":"Click the submit button","durationMs":89,"macroStack":[],"result":"passed","segment":1},{"action":"org.getopentest.selenium.ActionsPause","actorType":"ACTOR1","args":{"durationMs":300000},"isCheckpoint":false,"description":"Pause for 20 second","durationMs":0,"macroStack":[],"result":"passed","segment":1}],"currentIteration":1,"currentSegmentIndex":0,"isDataDriven":false,"name":"Login Page","path":"web","result":"passed","status":"completed","segments":[{"index":0,"result":"passed","status":"completed","timeStarted":1632876450894,"timeCompleted":1632876450898},{"index":1,"result":"passed","status":"completed","timeStarted":1632876450910,"timeCompleted":1632876460928}],"tags":[],"timeStarted":1632876450894,"timeCompleted":1632876460928}],"timeCreated":1632876447307,"timeStarted":1632876450894,"timeCompleted":1632876460928,"lastActivity":1632876460928,"_id":"RpeHsoeDU7SNT8Fz","actorTags":[],"environment":"","currentDataRecordIndex":-1}
{"id":1632876795,"actors":{"3832":{"id":3832,"lastSeenTime":1632876794345,"testSessionId":1632876795,"type":"WEB","tags":[],"_id":"TQIXQGyXi1cblHdc","ip":"::ffff:127.0.0.1","tests":[{"currentSegmentIndex":1,"segments":[{"index":0,"status":"completed","timeStarted":1632876799508,"timeCompleted":1632876799513,"result":"passed"},{"index":1,"status":"completed","timeStarted":1632876799526,"timeCompleted":1632876809558,"result":"passed"}],"name":"Login Page","path":"web","timeCompleted":null,"timeStarted":1632876799508},{"currentSegmentIndex":1,"segments":[{"index":0,"status":"completed","timeStarted":1632876854291,"timeCompleted":1632876854300,"result":"passed"},{"index":1,"status":"completed","timeStarted":1632876854316,"timeCompleted":1632876874893,"result":"failed","stackTrace":"java.lang.RuntimeException: There was an error while executing action no. 1 (org.getopentest.selenium.Click) in segment 1 of test web/Navigation Test.\nThe action definition was:\n{\n  \"action\": \"org.getopentest.selenium.Click\",\n  \"args\": {\n    \"locator\": {\n      \"id\": \"BtnDoResumo\"\n    }\n  },\n  \"description\": \"Click the summarization button\"\n}\r\n\tat org.getopentest.base.TestActor.executeTestSegment(TestActor.java:2123)\r\n\tat org.getopentest.base.TestActor.runOneSession(TestActor.java:2981)\r\n\tat org.getopentest.base.TestActor.runOneSession(TestActor.java:3017)\r\n\tat org.getopentest.Main.main(Main.java:20)\r\nCaused by: java.lang.RuntimeException: Failed executing action org.getopentest.selenium.Click with arguments {\"locator\":{\"id\":\"BtnDoResumo\"}}\r\n\tat org.getopentest.base.TestActor.executeActionByDef(TestActor.java:1821)\r\n\tat org.getopentest.base.TestActor.executeTestSegment(TestActor.java:2073)\r\n\t... 3 more\r\nCaused by: java.lang.RuntimeException: java.lang.RuntimeException: Failed clicking on element By.id: BtnDoResumo\r\n\tat org.getopentest.base.TestActor.executeActionByClassName(TestActor.java:1626)\r\n\tat org.getopentest.base.TestActor.executeActionByDef(TestActor.java:1705)\r\n\t... 4 more\r\nCaused by: java.lang.RuntimeException: Failed clicking on element By.id: BtnDoResumo\r\n\tat org.getopentest.selenium.Click.run(Click.java:34)\r\n\tat org.getopentest.base.TestActor.executeAction(TestActor.java:1527)\r\n\tat org.getopentest.base.TestActor.executeActionByClassName(TestActor.java:1603)\r\n\t... 5 more\r\nCaused by: org.openqa.selenium.TimeoutException: Expected condition failed: waiting for presence of element located by: By.id: BtnDoResumo (tried for 10 second(s) with 500 milliseconds interval)\r\n\tat org.openqa.selenium.support.ui.WebDriverWait.timeoutException(WebDriverWait.java:95)\r\n\tat org.openqa.selenium.support.ui.FluentWait.until(FluentWait.java:272)\r\n\tat org.getopentest.selenium.core.SeleniumTestAction.getElement(SeleniumTestAction.java:58)\r\n\tat org.getopentest.selenium.core.SeleniumTestAction.getElement(SeleniumTestAction.java:50)\r\n\tat org.getopentest.selenium.Click.run(Click.java:29)\r\n\t... 7 more\r\nCaused by: org.openqa.selenium.NoSuchElementException: no such element: Unable to locate element: {\"method\":\"css selector\",\"selector\":\"#BtnDoResumo\"}\n  (Session info: chrome=79.0.3945.88)\nFor documentation on this error, please visit: https://www.seleniumhq.org/exceptions/no_such_element.html\nBuild info: version: '3.141.59', revision: 'e82be7d358', time: '2018-11-14T08:17:03'\nSystem info: host: 'AOLIVEIRA-N', ip: '192.168.15.76', os.name: 'Windows 10', os.arch: 'x86', os.version: '10.0', java.version: '1.8.0_301'\nDriver info: org.openqa.selenium.chrome.ChromeDriver\nCapabilities {acceptInsecureCerts: false, browserName: chrome, browserVersion: 79.0.3945.88, chrome: {chromedriverVersion: 79.0.3945.36 (3582db32b3389..., userDataDir: C:\\Users\\AOLIVE~1\\AppData\\L...}, goog:chromeOptions: {debuggerAddress: localhost:55489}, javascriptEnabled: true, networkConnectionEnabled: false, pageLoadStrategy: normal, platform: WINDOWS, platformName: WINDOWS, proxy: Proxy(), setWindowRect: true, strictFileInteractability: false, timeouts: {implicit: 0, pageLoad: 300000, script: 30000}, unhandledPromptBehavior: dismiss and notify}\nSession ID: 64b17ac33a6f00e8d63b657949bcc4bc\n*** Element info: {Using=id, value=BtnDoResumo}\r\n\tat sun.reflect.GeneratedConstructorAccessor15.newInstance(Unknown Source)\r\n\tat sun.reflect.DelegatingConstructorAccessorImpl.newInstance(Unknown Source)\r\n\tat java.lang.reflect.Constructor.newInstance(Unknown Source)\r\n\tat org.openqa.selenium.remote.http.W3CHttpResponseCodec.createException(W3CHttpResponseCodec.java:187)\r\n\tat org.openqa.selenium.remote.http.W3CHttpResponseCodec.decode(W3CHttpResponseCodec.java:122)\r\n\tat org.openqa.selenium.remote.http.W3CHttpResponseCodec.decode(W3CHttpResponseCodec.java:49)\r\n\tat org.openqa.selenium.remote.HttpCommandExecutor.execute(HttpCommandExecutor.java:158)\r\n\tat org.openqa.selenium.remote.service.DriverCommandExecutor.execute(DriverCommandExecutor.java:83)\r\n\tat org.openqa.selenium.remote.RemoteWebDriver.execute(RemoteWebDriver.java:552)\r\n\tat org.openqa.selenium.remote.RemoteWebDriver.findElement(RemoteWebDriver.java:323)\r\n\tat org.openqa.selenium.remote.RemoteWebDriver.findElementById(RemoteWebDriver.java:372)\r\n\tat org.openqa.selenium.By$ById.findElement(By.java:188)\r\n\tat org.openqa.selenium.remote.RemoteWebDriver.findElement(RemoteWebDriver.java:315)\r\n\tat org.openqa.selenium.support.ui.ExpectedConditions$6.apply(ExpectedConditions.java:182)\r\n\tat org.openqa.selenium.support.ui.ExpectedConditions$6.apply(ExpectedConditions.java:179)\r\n\tat org.openqa.selenium.support.ui.FluentWait.until(FluentWait.java:249)\r\n\t... 10 more\r\n"}],"name":"Navigation Test","path":"web","timeCompleted":null,"timeStarted":null}]}},"maxIterations":3,"currentIteration":3,"currentTestIndex":2,"currentSegmentIndex":0,"label":"Quick start tests","result":"failed","status":"completed","tests":[{"actions":[{"action":"org.getopentest.selenium.NavigateTo","actorType":"WEB","args":{"url":"http://localhost:4200/#/"},"isCheckpoint":false,"description":"Navigate to the login page","durationMs":9688,"macroStack":[],"result":"passed","segment":1},{"action":"org.getopentest.selenium.ActionsPause","actorType":"WEB","args":{"durationMs":20000},"isCheckpoint":false,"description":"Pause for 20 second","durationMs":1,"macroStack":[],"result":"passed","segment":1},{"action":"org.getopentest.selenium.SendKeys","actorType":"WEB","args":{"locator":{"id":"InpLogin"},"text":"admin"},"isCheckpoint":false,"description":"Insert User","durationMs":110,"macroStack":[],"result":"passed","segment":1},{"action":"org.getopentest.selenium.ActionsPause","actorType":"WEB","args":{"durationMs":20000},"isCheckpoint":false,"description":"Pause for 20 second","durationMs":1,"macroStack":[],"result":"passed","segment":1},{"action":"org.getopentest.selenium.SendKeys","actorType":"WEB","args":{"locator":{"id":"InpSenha"},"text":"admin"},"isCheckpoint":false,"description":"Insert Password","durationMs":121,"macroStack":[],"result":"passed","segment":1},{"action":"org.getopentest.selenium.Click","actorType":"WEB","args":{"locator":{"id":"BtnLogin"}},"isCheckpoint":false,"description":"Click the submit button","durationMs":94,"macroStack":[],"result":"passed","segment":1},{"action":"org.getopentest.selenium.ActionsPause","actorType":"WEB","args":{"durationMs":300000},"isCheckpoint":false,"description":"Pause for 20 second","durationMs":1,"macroStack":[],"result":"passed","segment":1}],"currentIteration":1,"currentSegmentIndex":0,"isDataDriven":false,"name":"Login Page","path":"web","result":"passed","status":"completed","segments":[{"index":0,"result":"passed","status":"completed","timeStarted":1632876799508,"timeCompleted":1632876799513},{"index":1,"result":"passed","status":"completed","timeStarted":1632876799526,"timeCompleted":1632876809558}],"tags":[],"timeStarted":1632876799508,"timeCompleted":1632876809558},{"actions":[{"action":"org.getopentest.selenium.Click","actorType":"WEB","args":{"locator":{"id":"BtnDoResumo"}},"isCheckpoint":false,"description":"Click the summarization button","durationMs":20566,"macroStack":[],"result":"failed","screenshot":"SID1632876795_WEB_T02_SG01_ST01_error_03.png","segment":1,"stackTrace":"java.lang.RuntimeException: java.lang.RuntimeException: Failed clicking on element By.id: BtnDoResumo\r\n\tat org.getopentest.base.TestActor.executeActionByClassName(TestActor.java:1626)\r\n\tat org.getopentest.base.TestActor.executeActionByDef(TestActor.java:1705)\r\n\tat org.getopentest.base.TestActor.executeTestSegment(TestActor.java:2073)\r\n\tat org.getopentest.base.TestActor.runOneSession(TestActor.java:2981)\r\n\tat org.getopentest.base.TestActor.runOneSession(TestActor.java:3017)\r\n\tat org.getopentest.Main.main(Main.java:20)\r\nCaused by: java.lang.RuntimeException: Failed clicking on element By.id: BtnDoResumo\r\n\tat org.getopentest.selenium.Click.run(Click.java:34)\r\n\tat org.getopentest.base.TestActor.executeAction(TestActor.java:1527)\r\n\tat org.getopentest.base.TestActor.executeActionByClassName(TestActor.java:1603)\r\n\t... 5 more\r\nCaused by: org.openqa.selenium.TimeoutException: Expected condition failed: waiting for presence of element located by: By.id: BtnDoResumo (tried for 10 second(s) with 500 milliseconds interval)\r\n\tat org.openqa.selenium.support.ui.WebDriverWait.timeoutException(WebDriverWait.java:95)\r\n\tat org.openqa.selenium.support.ui.FluentWait.until(FluentWait.java:272)\r\n\tat org.getopentest.selenium.core.SeleniumTestAction.getElement(SeleniumTestAction.java:58)\r\n\tat org.getopentest.selenium.core.SeleniumTestAction.getElement(SeleniumTestAction.java:50)\r\n\tat org.getopentest.selenium.Click.run(Click.java:29)\r\n\t... 7 more\r\nCaused by: org.openqa.selenium.NoSuchElementException: no such element: Unable to locate element: {\"method\":\"css selector\",\"selector\":\"#BtnDoResumo\"}\n  (Session info: chrome=79.0.3945.88)\nFor documentation on this error, please visit: https://www.seleniumhq.org/exceptions/no_such_element.html\nBuild info: version: '3.141.59', revision: 'e82be7d358', time: '2018-11-14T08:17:03'\nSystem info: host: 'AOLIVEIRA-N', ip: '192.168.15.76', os.name: 'Windows 10', os.arch: 'x86', os.version: '10.0', java.version: '1.8.0_301'\nDriver info: org.openqa.selenium.chrome.ChromeDriver\nCapabilities {acceptInsecureCerts: false, browserName: chrome, browserVersion: 79.0.3945.88, chrome: {chromedriverVersion: 79.0.3945.36 (3582db32b3389..., userDataDir: C:\\Users\\AOLIVE~1\\AppData\\L...}, goog:chromeOptions: {debuggerAddress: localhost:55489}, javascriptEnabled: true, networkConnectionEnabled: false, pageLoadStrategy: normal, platform: WINDOWS, platformName: WINDOWS, proxy: Proxy(), setWindowRect: true, strictFileInteractability: false, timeouts: {implicit: 0, pageLoad: 300000, script: 30000}, unhandledPromptBehavior: dismiss and notify}\nSession ID: 64b17ac33a6f00e8d63b657949bcc4bc\n*** Element info: {Using=id, value=BtnDoResumo}\r\n\tat sun.reflect.GeneratedConstructorAccessor15.newInstance(Unknown Source)\r\n\tat sun.reflect.DelegatingConstructorAccessorImpl.newInstance(Unknown Source)\r\n\tat java.lang.reflect.Constructor.newInstance(Unknown Source)\r\n\tat org.openqa.selenium.remote.http.W3CHttpResponseCodec.createException(W3CHttpResponseCodec.java:187)\r\n\tat org.openqa.selenium.remote.http.W3CHttpResponseCodec.decode(W3CHttpResponseCodec.java:122)\r\n\tat org.openqa.selenium.remote.http.W3CHttpResponseCodec.decode(W3CHttpResponseCodec.java:49)\r\n\tat org.openqa.selenium.remote.HttpCommandExecutor.execute(HttpCommandExecutor.java:158)\r\n\tat org.openqa.selenium.remote.service.DriverCommandExecutor.execute(DriverCommandExecutor.java:83)\r\n\tat org.openqa.selenium.remote.RemoteWebDriver.execute(RemoteWebDriver.java:552)\r\n\tat org.openqa.selenium.remote.RemoteWebDriver.findElement(RemoteWebDriver.java:323)\r\n\tat org.openqa.selenium.remote.RemoteWebDriver.findElementById(RemoteWebDriver.java:372)\r\n\tat org.openqa.selenium.By$ById.findElement(By.java:188)\r\n\tat org.openqa.selenium.remote.RemoteWebDriver.findElement(RemoteWebDriver.java:315)\r\n\tat org.openqa.selenium.support.ui.ExpectedConditions$6.apply(ExpectedConditions.java:182)\r\n\tat org.openqa.selenium.support.ui.ExpectedConditions$6.apply(ExpectedConditions.java:179)\r\n\tat org.openqa.selenium.support.ui.FluentWait.until(FluentWait.java:249)\r\n\t... 10 more\r\n"}],"currentIteration":3,"currentSegmentIndex":0,"isDataDriven":false,"name":"Navigation Test","path":"web","result":"failed","status":"completed","segments":[{"index":0,"result":"passed","status":"completed","timeStarted":1632876810739,"timeCompleted":1632876854300},{"index":1,"result":"failed","status":"completed","timeStarted":1632876810753,"timeCompleted":1632876874893}],"tags":[],"timeStarted":1632876854291,"timeCompleted":1632876874893,"checkpointFailed":false,"currentDataRecordIndex":0}],"timeCreated":1632876794967,"timeStarted":1632876799508,"timeCompleted":1632876874893,"lastActivity":1632876874893,"_id":"TrIkMisO1U0Cu2Vm","actorTags":[],"environment":"","currentDataRecordIndex":-1}
{"id":1632876559,"actors":{"3832":{"id":3832,"lastSeenTime":1632876589149,"testSessionId":1632876559,"type":"WEB","tags":[],"_id":"TQIXQGyXi1cblHdc","ip":"::ffff:127.0.0.1","tests":[{"currentSegmentIndex":1,"segments":[{"index":0,"status":"completed","timeStarted":1632876594650,"timeCompleted":1632876594656,"result":"passed"},{"index":1,"status":"completed","timeStarted":1632876594668,"timeCompleted":1632876605186,"result":"passed"}],"name":"Login Page","path":"web","timeCompleted":null,"timeStarted":1632876594650}]}},"maxIterations":3,"currentIteration":1,"currentTestIndex":1,"currentSegmentIndex":0,"label":"Quick start tests","result":"passed","status":"completed","tests":[{"actions":[{"action":"org.getopentest.selenium.NavigateTo","actorType":"WEB","args":{"url":"http://localhost:4200/#/"},"isCheckpoint":false,"description":"Navigate to the login page","durationMs":10075,"macroStack":[],"result":"passed","segment":1},{"action":"org.getopentest.selenium.ActionsPause","actorType":"WEB","args":{"durationMs":20000},"isCheckpoint":false,"description":"Pause for 20 second","durationMs":6,"macroStack":[],"result":"passed","segment":1},{"action":"org.getopentest.selenium.SendKeys","actorType":"WEB","args":{"locator":{"id":"InpLogin"},"text":"admin"},"isCheckpoint":false,"description":"Insert User","durationMs":179,"macroStack":[],"result":"passed","segment":1},{"action":"org.getopentest.selenium.ActionsPause","actorType":"WEB","args":{"durationMs":20000},"isCheckpoint":false,"description":"Pause for 20 second","durationMs":1,"macroStack":[],"result":"passed","segment":1},{"action":"org.getopentest.selenium.SendKeys","actorType":"WEB","args":{"locator":{"id":"InpSenha"},"text":"admin"},"isCheckpoint":false,"description":"Insert Password","durationMs":136,"macroStack":[],"result":"passed","segment":1},{"action":"org.getopentest.selenium.Click","actorType":"WEB","args":{"locator":{"id":"BtnLogin"}},"isCheckpoint":false,"description":"Click the submit button","durationMs":96,"macroStack":[],"result":"passed","segment":1},{"action":"org.getopentest.selenium.ActionsPause","actorType":"WEB","args":{"durationMs":300000},"isCheckpoint":false,"description":"Pause for 20 second","durationMs":1,"macroStack":[],"result":"passed","segment":1}],"currentIteration":1,"currentSegmentIndex":0,"isDataDriven":false,"name":"Login Page","path":"web","result":"passed","status":"completed","segments":[{"index":0,"result":"passed","status":"completed","timeStarted":1632876594650,"timeCompleted":1632876594656},{"index":1,"result":"passed","status":"completed","timeStarted":1632876594668,"timeCompleted":1632876605186}],"tags":[],"timeStarted":1632876594650,"timeCompleted":1632876605186}],"timeCreated":1632876559462,"timeStarted":1632876594650,"timeCompleted":1632876605186,"lastActivity":1632876605181,"_id":"b8N1xuH8AFvodtlc","actorTags":[],"environment":"","currentDataRecordIndex":-1}
{"id":1632876140,"actors":{"40988":{"id":40988,"lastSeenTime":1632876135040,"testSessionId":1632876140,"type":"ACTOR1","tags":[],"_id":"J3I4FNpmCCUHg4aE","ip":"::ffff:127.0.0.1","tests":[{"currentSegmentIndex":1,"segments":[{"index":0,"status":"completed","timeStarted":1632876140119,"timeCompleted":1632876140124,"result":"passed"},{"index":1,"status":"completed","timeStarted":1632876140135,"timeCompleted":1632876150424,"result":"passed"}],"name":"Login Page","path":"web","timeCompleted":null,"timeStarted":1632876140119}]}},"maxIterations":"3","currentIteration":1,"currentTestIndex":1,"currentSegmentIndex":0,"label":"Teste Login 10","result":"passed","status":"completed","tests":[{"actions":[{"action":"org.getopentest.selenium.NavigateTo","actorType":"ACTOR1","args":{"url":"http://localhost:4200/#/"},"isCheckpoint":false,"description":"Navigate to the login page","durationMs":9827,"macroStack":[],"result":"passed","segment":1},{"action":"org.getopentest.selenium.ActionsPause","actorType":"ACTOR1","args":{"durationMs":20000},"isCheckpoint":false,"description":"Pause for 20 second","durationMs":0,"macroStack":[],"result":"passed","segment":1},{"action":"org.getopentest.selenium.SendKeys","actorType":"ACTOR1","args":{"locator":{"id":"InpLogin"},"text":"admin"},"isCheckpoint":false,"description":"Insert User","durationMs":147,"macroStack":[],"result":"passed","segment":1},{"action":"org.getopentest.selenium.ActionsPause","actorType":"ACTOR1","args":{"durationMs":20000},"isCheckpoint":false,"description":"Pause for 20 second","durationMs":0,"macroStack":[],"result":"passed","segment":1},{"action":"org.getopentest.selenium.SendKeys","actorType":"ACTOR1","args":{"locator":{"id":"InpSenha"},"text":"admin"},"isCheckpoint":false,"description":"Insert Password","durationMs":159,"macroStack":[],"result":"passed","segment":1},{"action":"org.getopentest.selenium.Click","actorType":"ACTOR1","args":{"locator":{"id":"BtnLogin"}},"isCheckpoint":false,"description":"Click the submit button","durationMs":136,"macroStack":[],"result":"passed","segment":1},{"action":"org.getopentest.selenium.ActionsPause","actorType":"ACTOR1","args":{"durationMs":300000},"isCheckpoint":false,"description":"Pause for 20 second","durationMs":0,"macroStack":[],"result":"passed","segment":1}],"currentIteration":1,"currentSegmentIndex":0,"isDataDriven":false,"name":"Login Page","path":"web","result":"passed","status":"completed","segments":[{"index":0,"result":"passed","status":"completed","timeStarted":1632876140119,"timeCompleted":1632876140124},{"index":1,"result":"passed","status":"completed","timeStarted":1632876140135,"timeCompleted":1632876150424}],"tags":[],"timeStarted":1632876140119,"timeCompleted":1632876150424}],"timeCreated":1632876139740,"timeStarted":1632876140119,"timeCompleted":1632876150424,"lastActivity":1632876150420,"_id":"cVU2PNeUrUeZtifC","actorTags":[],"environment":"","currentDataRecordIndex":-1}
{"id":1632874980,"actors":{"40988":{"id":40988,"lastSeenTime":1632874978937,"testSessionId":1632874980,"type":"ACTOR1","tags":[],"_id":"J3I4FNpmCCUHg4aE","ip":"::ffff:127.0.0.1","tests":[{"currentSegmentIndex":1,"segments":[{"index":0,"status":"completed","timeStarted":1632874984228,"timeCompleted":1632874984234,"result":"passed"},{"index":1,"status":"completed","timeStarted":1632874984244,"timeCompleted":1632874994318,"result":"passed"}],"name":"Login Page","path":"web","timeCompleted":null,"timeStarted":1632874984228}]}},"maxIterations":"1","currentIteration":1,"currentTestIndex":1,"currentSegmentIndex":0,"label":"Teste Login 6","result":"passed","status":"completed","tests":[{"actions":[{"action":"org.getopentest.selenium.NavigateTo","actorType":"ACTOR1","args":{"url":"http://localhost:4200/#/"},"isCheckpoint":false,"description":"Navigate to the login page","durationMs":9716,"macroStack":[],"result":"passed","segment":1},{"action":"org.getopentest.selenium.SendKeys","actorType":"ACTOR1","args":{"locator":{"id":"InpLogin"},"text":"opentest"},"isCheckpoint":false,"description":"Insert User","durationMs":128,"macroStack":[],"result":"passed","segment":1},{"action":"org.getopentest.selenium.SendKeys","actorType":"ACTOR1","args":{"locator":{"id":"InpSenha"},"text":"opentest"},"isCheckpoint":false,"description":"Insert Password","durationMs":126,"macroStack":[],"result":"passed","segment":1},{"action":"org.getopentest.selenium.Click","actorType":"ACTOR1","args":{"locator":{"id":"BtnLogin"}},"isCheckpoint":false,"description":"Click the submit button","durationMs":89,"macroStack":[],"result":"passed","segment":1},{"action":"org.getopentest.selenium.ActionsPause","actorType":"ACTOR1","args":{"durationMs":10000},"isCheckpoint":false,"description":"Pause for 1 second","durationMs":0,"macroStack":[],"result":"passed","segment":1}],"currentIteration":1,"currentSegmentIndex":0,"isDataDriven":false,"name":"Login Page","path":"web","result":"passed","status":"completed","segments":[{"index":0,"result":"passed","status":"completed","timeStarted":1632874984228,"timeCompleted":1632874984234},{"index":1,"result":"passed","status":"completed","timeStarted":1632874984244,"timeCompleted":1632874994318}],"tags":[],"timeStarted":1632874984228,"timeCompleted":1632874994318}],"timeCreated":1632874979590,"timeStarted":1632874984228,"timeCompleted":1632874994318,"lastActivity":1632874994316,"_id":"eLxnkzRjGRLZFldD","actorTags":[],"environment":"","currentDataRecordIndex":-1}
{"id":1632874904,"actors":{"40988":{"id":40988,"lastSeenTime":1632874898866,"testSessionId":1632874904,"type":"ACTOR1","tags":[],"_id":"J3I4FNpmCCUHg4aE","ip":"::ffff:127.0.0.1","tests":[{"currentSegmentIndex":1,"segments":[{"index":0,"status":"completed","timeStarted":1632874904901,"timeCompleted":1632874904906,"result":"passed"},{"index":1,"status":"completed","timeStarted":1632874904921,"timeCompleted":1632874915000,"result":"passed"}],"name":"Login Page","path":"web","timeCompleted":null,"timeStarted":1632874904901}]}},"maxIterations":"1","currentIteration":1,"currentTestIndex":1,"currentSegmentIndex":0,"label":"Teste Login 5","result":"passed","status":"completed","tests":[{"actions":[{"action":"org.getopentest.selenium.NavigateTo","actorType":"ACTOR1","args":{"url":"http://localhost:4200/#/"},"isCheckpoint":false,"description":"Navigate to the login page","durationMs":9701,"macroStack":[],"result":"passed","segment":1},{"action":"org.getopentest.selenium.SendKeys","actorType":"ACTOR1","args":{"locator":{"id":"InpLogin"},"text":"opentest"},"isCheckpoint":false,"description":"Insert User","durationMs":136,"macroStack":[],"result":"passed","segment":1},{"action":"org.getopentest.selenium.SendKeys","actorType":"ACTOR1","args":{"locator":{"id":"InpSenha"},"text":"opentest"},"isCheckpoint":false,"description":"Insert Password","durationMs":132,"macroStack":[],"result":"passed","segment":1},{"action":"org.getopentest.selenium.Click","actorType":"ACTOR1","args":{"locator":{"id":"BtnLogin"}},"isCheckpoint":false,"description":"Click the submit button","durationMs":98,"macroStack":[],"result":"passed","segment":1},{"action":"org.getopentest.selenium.ActionsPause","actorType":"ACTOR1","args":{"durationMs":10000},"isCheckpoint":false,"description":"Pause for 1 second","durationMs":0,"macroStack":[],"result":"passed","segment":1}],"currentIteration":1,"currentSegmentIndex":0,"isDataDriven":false,"name":"Login Page","path":"web","result":"passed","status":"completed","segments":[{"index":0,"result":"passed","status":"completed","timeStarted":1632874904901,"timeCompleted":1632874904906},{"index":1,"result":"passed","status":"completed","timeStarted":1632874904921,"timeCompleted":1632874915000}],"tags":[],"timeStarted":1632874904901,"timeCompleted":1632874915000}],"timeCreated":1632874903520,"timeStarted":1632874904901,"timeCompleted":1632874915000,"lastActivity":1632874914998,"_id":"gNVdv1ckfDZmoIi0","actorTags":[],"environment":"","currentDataRecordIndex":-1}
{"id":1636761744,"actors":{"24435":{"id":24435,"lastSeenTime":1636761741566,"testSessionId":1636761744,"type":"WEB","tags":[],"_id":"ibWubcUwMaTh8MOh","ip":"::ffff:127.0.0.1","tests":[]}},"maxIterations":3,"currentIteration":1,"currentTestIndex":0,"currentSegmentIndex":0,"label":"Quick start tests","result":"pending","status":"started","tests":[{"actions":[],"currentIteration":1,"currentSegmentIndex":0,"isDataDriven":false,"name":"Login Page","path":"web","result":"pending","status":"pending","segments":[{"index":0,"result":"pending","status":"pending"},{"index":1,"result":"pending","status":"pending"}],"tags":[]},{"actions":[],"currentIteration":1,"currentSegmentIndex":0,"isDataDriven":false,"name":"Navigation Test","path":"web","result":"pending","status":"pending","segments":[{"index":0,"result":"pending","status":"pending"},{"index":1,"result":"pending","status":"pending"},{"index":2,"result":"pending","status":"pending"}],"tags":[]}],"timeCreated":1636761743673,"timeStarted":null,"timeCompleted":null,"lastActivity":1636761743673,"_id":"minDUVK5D6YFBa3g","actorTags":[],"environment":""}
{"id":1636761992,"actors":{"17068":{"id":17068,"lastSeenTime":1636762025605,"testSessionId":1636761992,"type":"WEB","tags":[],"_id":"k2L2QeveKamKLE60","ip":"::ffff:127.0.0.1","tests":[]}},"maxIterations":"1","currentIteration":1,"currentTestIndex":0,"currentSegmentIndex":0,"label":"Session 1636761992","result":"pending","status":"started","tests":[{"actions":[],"currentIteration":1,"currentSegmentIndex":0,"isDataDriven":false,"name":"Navigation Test","path":"web","result":"pending","status":"pending","segments":[{"index":0,"result":"pending","status":"pending"},{"index":1,"result":"pending","status":"pending"},{"index":2,"result":"pending","status":"pending"}],"tags":[]}],"timeCreated":1636761992331,"timeStarted":null,"timeCompleted":null,"lastActivity":1636761992330,"_id":"v4fIOFCUWjdZ4m1Q","actorTags":[],"environment":""}
{"id":1632874874,"actors":{"40988":{"id":40988,"lastSeenTime":1632874873845,"testSessionId":1632874874,"type":"ACTOR1","tags":[],"_id":"J3I4FNpmCCUHg4aE","ip":"::ffff:127.0.0.1","tests":[{"currentSegmentIndex":1,"segments":[{"index":0,"status":"completed","timeStarted":1632874879665,"timeCompleted":1632874879669,"result":"passed"},{"index":1,"status":"completed","timeStarted":1632874879678,"timeCompleted":1632874889711,"result":"passed"}],"name":"Login Page","path":"web","timeCompleted":null,"timeStarted":1632874879665}]}},"maxIterations":"1","currentIteration":1,"currentTestIndex":1,"currentSegmentIndex":0,"label":"Teste Login 4","result":"passed","status":"completed","tests":[{"actions":[{"action":"org.getopentest.selenium.NavigateTo","actorType":"ACTOR1","args":{"url":"http://localhost:4200/#/"},"isCheckpoint":false,"description":"Navigate to the login page","durationMs":9692,"macroStack":[],"result":"passed","segment":1},{"action":"org.getopentest.selenium.SendKeys","actorType":"ACTOR1","args":{"locator":{"id":"InpLogin"},"text":"opentest"},"isCheckpoint":false,"description":"Insert User","durationMs":119,"macroStack":[],"result":"passed","segment":1},{"action":"org.getopentest.selenium.SendKeys","actorType":"ACTOR1","args":{"locator":{"id":"InpSenha"},"text":"opentest"},"isCheckpoint":false,"description":"Insert Password","durationMs":118,"macroStack":[],"result":"passed","segment":1},{"action":"org.getopentest.selenium.Click","actorType":"ACTOR1","args":{"locator":{"id":"BtnLogin"}},"isCheckpoint":false,"description":"Click the submit button","durationMs":86,"macroStack":[],"result":"passed","segment":1},{"action":"org.getopentest.selenium.ActionsPause","actorType":"ACTOR1","args":{"durationMs":10000},"isCheckpoint":false,"description":"Pause for 1 second","durationMs":4,"macroStack":[],"result":"passed","segment":1}],"currentIteration":1,"currentSegmentIndex":0,"isDataDriven":false,"name":"Login Page","path":"web","result":"passed","status":"completed","segments":[{"index":0,"result":"passed","status":"completed","timeStarted":1632874879665,"timeCompleted":1632874879669},{"index":1,"result":"passed","status":"completed","timeStarted":1632874879678,"timeCompleted":1632874889711}],"tags":[],"timeStarted":1632874879665,"timeCompleted":1632874889711}],"timeCreated":1632874874305,"timeStarted":1632874879665,"timeCompleted":1632874889711,"lastActivity":1632874889711,"_id":"vJoNYjNAqnQfIyEg","actorTags":[],"environment":"","currentDataRecordIndex":-1}
{"id":1632877072,"actors":{"3832":{"id":3832,"lastSeenTime":1632877069590,"testSessionId":1632877072,"type":"WEB","tags":[],"_id":"TQIXQGyXi1cblHdc","ip":"::ffff:127.0.0.1","tests":[{"currentSegmentIndex":1,"segments":[{"index":0,"status":"completed","timeStarted":1632877075185,"timeCompleted":1632877075191,"result":"passed"},{"index":1,"status":"completed","timeStarted":1632877075201,"timeCompleted":1632877085225,"result":"passed"}],"name":"Login Page","path":"web","timeCompleted":null,"timeStarted":1632877075185},{"currentSegmentIndex":2,"segments":[{"index":0,"status":"completed","timeStarted":1632877086381,"timeCompleted":1632877086385,"result":"passed"},{"index":1,"status":"completed","timeStarted":1632877086395,"timeCompleted":1632877096406,"result":"passed"},{"index":2,"status":"completed","timeStarted":1632877096914,"timeCompleted":1632877097034,"result":"passed"}],"name":"Navigation Test","path":"web","timeCompleted":null,"timeStarted":1632877086381}]}},"maxIterations":3,"currentIteration":1,"currentTestIndex":2,"currentSegmentIndex":0,"label":"Quick start tests","result":"passed","status":"completed","tests":[{"actions":[{"action":"org.getopentest.selenium.NavigateTo","actorType":"WEB","args":{"url":"http://localhost:4200/#/"},"isCheckpoint":false,"description":"Navigate to the login page","durationMs":9686,"macroStack":[],"result":"passed","segment":1},{"action":"org.getopentest.selenium.SendKeys","actorType":"WEB","args":{"locator":{"id":"InpLogin"},"text":"admin"},"isCheckpoint":false,"description":"Insert User","durationMs":117,"macroStack":[],"result":"passed","segment":1},{"action":"org.getopentest.selenium.SendKeys","actorType":"WEB","args":{"locator":{"id":"InpSenha"},"text":"admin"},"isCheckpoint":false,"description":"Insert Password","durationMs":121,"macroStack":[],"result":"passed","segment":1},{"action":"org.getopentest.selenium.Click","actorType":"WEB","args":{"locator":{"id":"BtnLogin"}},"isCheckpoint":false,"description":"Click the submit button","durationMs":93,"macroStack":[],"result":"passed","segment":1}],"currentIteration":1,"currentSegmentIndex":0,"isDataDriven":false,"name":"Login Page","path":"web","result":"passed","status":"completed","segments":[{"index":0,"result":"passed","status":"completed","timeStarted":1632877075185,"timeCompleted":1632877075191},{"index":1,"result":"passed","status":"completed","timeStarted":1632877075201,"timeCompleted":1632877085225}],"tags":[],"timeStarted":1632877075185,"timeCompleted":1632877085225},{"actions":[{"action":"org.getopentest.selenium.NavigateTo","actorType":"WEB","args":{"url":"http://localhost:4200/#/"},"isCheckpoint":false,"description":"Navigate to the login page","durationMs":9666,"macroStack":[],"result":"passed","segment":1},{"action":"org.getopentest.selenium.SendKeys","actorType":"WEB","args":{"locator":{"id":"InpLogin"},"text":"admin"},"isCheckpoint":false,"description":"Insert User","durationMs":115,"macroStack":[],"result":"passed","segment":1},{"action":"org.getopentest.selenium.SendKeys","actorType":"WEB","args":{"locator":{"id":"InpSenha"},"text":"admin"},"isCheckpoint":false,"description":"Insert Password","durationMs":108,"macroStack":[],"result":"passed","segment":1},{"action":"org.getopentest.selenium.Click","actorType":"WEB","args":{"locator":{"id":"BtnLogin"}},"isCheckpoint":false,"description":"Click the submit button","durationMs":105,"macroStack":[],"result":"passed","segment":1},{"action":"org.getopentest.selenium.Click","actorType":"WEB","args":{"locator":{"id":"BtnDoResumo"}},"isCheckpoint":false,"description":"Click the summarization button","durationMs":115,"macroStack":[],"result":"passed","segment":2}],"currentIteration":1,"currentSegmentIndex":0,"isDataDriven":false,"name":"Navigation Test","path":"web","result":"passed","status":"completed","segments":[{"index":0,"result":"passed","status":"completed","timeStarted":1632877086381,"timeCompleted":1632877086385},{"index":1,"result":"passed","status":"completed","timeStarted":1632877086395,"timeCompleted":1632877096406},{"index":2,"result":"passed","status":"completed","timeStarted":1632877096914,"timeCompleted":1632877097034}],"tags":[],"timeStarted":1632877086381,"timeCompleted":1632877097034}],"timeCreated":1632877072012,"timeStarted":1632877075185,"timeCompleted":1632877097034,"lastActivity":1632877097034,"_id":"y4kUo0Yi0eKvcOJW","actorTags":[],"environment":"","currentDataRecordIndex":-1}
{"id":1636761992,"actors":{"17068":{"id":17068,"lastSeenTime":1636762025605,"testSessionId":1636761992,"type":"WEB","tags":[],"_id":"k2L2QeveKamKLE60","ip":"::ffff:127.0.0.1","tests":[{"currentSegmentIndex":0,"segments":[{"index":0,"status":"started","timeStarted":1636762030805,"timeCompleted":null,"result":"pending"}],"name":"Navigation Test","path":"web","timeCompleted":null,"timeStarted":1636762030805}]}},"maxIterations":"1","currentIteration":1,"currentTestIndex":0,"currentSegmentIndex":0,"label":"Session 1636761992","result":"pending","status":"started","tests":[{"actions":[],"currentIteration":1,"currentSegmentIndex":0,"isDataDriven":false,"name":"Navigation Test","path":"web","result":"pending","status":"pending","segments":[{"index":0,"result":"pending","status":"pending","timeStarted":1636762030805},{"index":1,"result":"pending","status":"pending"},{"index":2,"result":"pending","status":"pending"}],"tags":[],"timeStarted":1636762030805}],"timeCreated":1636761992331,"timeStarted":1636762030805,"timeCompleted":null,"lastActivity":1636762030803,"_id":"v4fIOFCUWjdZ4m1Q","actorTags":[],"environment":""}
{"id":1636761992,"actors":{"17068":{"id":17068,"lastSeenTime":1636762025605,"testSessionId":1636761992,"type":"WEB","tags":[],"_id":"k2L2QeveKamKLE60","ip":"::ffff:127.0.0.1","tests":[{"currentSegmentIndex":0,"segments":[{"index":0,"status":"completed","timeStarted":1636762030805,"timeCompleted":1636762030809,"result":"passed"}],"name":"Navigation Test","path":"web","timeCompleted":null,"timeStarted":1636762030805}]}},"maxIterations":"1","currentIteration":1,"currentTestIndex":0,"currentSegmentIndex":1,"label":"Session 1636761992","result":"pending","status":"started","tests":[{"actions":[],"currentIteration":1,"currentSegmentIndex":0,"isDataDriven":false,"name":"Navigation Test","path":"web","result":"pending","status":"pending","segments":[{"index":0,"result":"passed","status":"completed","timeStarted":1636762030805,"timeCompleted":1636762030809},{"index":1,"result":"pending","status":"pending"},{"index":2,"result":"pending","status":"pending"}],"tags":[],"timeStarted":1636762030805}],"timeCreated":1636761992331,"timeStarted":1636762030805,"timeCompleted":null,"lastActivity":1636762030809,"_id":"v4fIOFCUWjdZ4m1Q","actorTags":[],"environment":""}
{"id":1636761992,"actors":{"17068":{"id":17068,"lastSeenTime":1636762025605,"testSessionId":1636761992,"type":"WEB","tags":[],"_id":"k2L2QeveKamKLE60","ip":"::ffff:127.0.0.1","tests":[{"currentSegmentIndex":1,"segments":[{"index":0,"status":"completed","timeStarted":1636762030805,"timeCompleted":1636762030809,"result":"passed"},{"index":1,"status":"started","timeStarted":1636762030821,"timeCompleted":null,"result":"pending"}],"name":"Navigation Test","path":"web","timeCompleted":null,"timeStarted":1636762030805}]}},"maxIterations":"1","currentIteration":1,"currentTestIndex":0,"currentSegmentIndex":1,"label":"Session 1636761992","result":"pending","status":"started","tests":[{"actions":[],"currentIteration":1,"currentSegmentIndex":0,"isDataDriven":false,"name":"Navigation Test","path":"web","result":"pending","status":"pending","segments":[{"index":0,"result":"passed","status":"completed","timeStarted":1636762030805,"timeCompleted":1636762030809},{"index":1,"result":"pending","status":"pending","timeStarted":1636762030821},{"index":2,"result":"pending","status":"pending"}],"tags":[],"timeStarted":1636762030805}],"timeCreated":1636761992331,"timeStarted":1636762030805,"timeCompleted":null,"lastActivity":1636762030821,"_id":"v4fIOFCUWjdZ4m1Q","actorTags":[],"environment":""}
{"id":1636761992,"actors":{"17068":{"id":17068,"lastSeenTime":1636762025605,"testSessionId":1636761992,"type":"WEB","tags":[],"_id":"k2L2QeveKamKLE60","ip":"::ffff:127.0.0.1","tests":[{"currentSegmentIndex":1,"segments":[{"index":0,"status":"completed","timeStarted":1636762030805,"timeCompleted":1636762030809,"result":"passed"},{"index":1,"status":"completed","timeStarted":1636762030821,"timeCompleted":1636762031873,"result":"failed","stackTrace":"java.lang.RuntimeException: There was an error while executing action no. 1 (org.getopentest.selenium.NavigateTo) in segment 1 of test web/Navigation Test.\nThe action definition was:\n{\n  \"action\": \"org.getopentest.selenium.NavigateTo\",\n  \"args\": {\n    \"url\": \"http://localhost:4200/#/\"\n  },\n  \"description\": \"Navigate to the login page\"\n}\r\n\tat org.getopentest.base.TestActor.executeTestSegment(TestActor.java:2123)\r\n\tat org.getopentest.base.TestActor.runOneSession(TestActor.java:2981)\r\n\tat org.getopentest.base.TestActor.runOneSession(TestActor.java:3017)\r\n\tat org.getopentest.Main.main(Main.java:20)\r\nCaused by: java.lang.RuntimeException: Failed executing action org.getopentest.selenium.NavigateTo with arguments {\"url\":\"http://localhost:4200/#/\"}\r\n\tat org.getopentest.base.TestActor.executeActionByDef(TestActor.java:1821)\r\n\tat org.getopentest.base.TestActor.executeTestSegment(TestActor.java:2073)\r\n\t... 3 more\r\nCaused by: java.lang.RuntimeException: org.openqa.selenium.WebDriverException: unknown error: cannot find Chrome binary\nBuild info: version: '3.141.59', revision: 'e82be7d358', time: '2018-11-14T08:17:03'\nSystem info: host: 'AOLIVEIRA-N', ip: '192.168.15.189', os.name: 'Windows 10', os.arch: 'x86', os.version: '10.0', java.version: '1.8.0_311'\nDriver info: driver.version: ChromeDriver\nremote stacktrace: Backtrace:\n\tOrdinal0 [0x0061A113+1548563]\n\tOrdinal0 [0x0059DDA1+1039777]\n\tOrdinal0 [0x0051E485+517253]\n\tOrdinal0 [0x004AC0F1+49393]\n\tOrdinal0 [0x004CB797+178071]\n\tOrdinal0 [0x004CB59D+177565]\n\tOrdinal0 [0x004C95FB+169467]\n\tOrdinal0 [0x004B160A+71178]\n\tOrdinal0 [0x004B2690+75408]\n\tOrdinal0 [0x004B2629+75305]\n\tOrdinal0 [0x005B71B7+1143223]\n\tGetHandleVerifier [0x006B2B46+507814]\n\tGetHandleVerifier [0x006B2864+507076]\n\tGetHandleVerifier [0x006B9F47+537511]\n\tGetHandleVerifier [0x006B3402+510050]\n\tOrdinal0 [0x005AF29C+1110684]\n\tOrdinal0 [0x005B938B+1151883]\n\tOrdinal0 [0x005B94F3+1152243]\n\tOrdinal0 [0x005B83F5+1147893]\n\tBaseThreadInitThunk [0x76AE6359+25]\n\tRtlGetAppContainerNamedObjectPath [0x76FB87A4+228]\n\tRtlGetAppContainerNamedObjectPath [0x76FB8774+180]\n\r\n\tat org.getopentest.base.TestActor.executeActionByClassName(TestActor.java:1626)\r\n\tat org.getopentest.base.TestActor.executeActionByDef(TestActor.java:1705)\r\n\t... 4 more\r\nCaused by: org.openqa.selenium.WebDriverException: unknown error: cannot find Chrome binary\nBuild info: version: '3.141.59', revision: 'e82be7d358', time: '2018-11-14T08:17:03'\nSystem info: host: 'AOLIVEIRA-N', ip: '192.168.15.189', os.name: 'Windows 10', os.arch: 'x86', os.version: '10.0', java.version: '1.8.0_311'\nDriver info: driver.version: ChromeDriver\nremote stacktrace: Backtrace:\n\tOrdinal0 [0x0061A113+1548563]\n\tOrdinal0 [0x0059DDA1+1039777]\n\tOrdinal0 [0x0051E485+517253]\n\tOrdinal0 [0x004AC0F1+49393]\n\tOrdinal0 [0x004CB797+178071]\n\tOrdinal0 [0x004CB59D+177565]\n\tOrdinal0 [0x004C95FB+169467]\n\tOrdinal0 [0x004B160A+71178]\n\tOrdinal0 [0x004B2690+75408]\n\tOrdinal0 [0x004B2629+75305]\n\tOrdinal0 [0x005B71B7+1143223]\n\tGetHandleVerifier [0x006B2B46+507814]\n\tGetHandleVerifier [0x006B2864+507076]\n\tGetHandleVerifier [0x006B9F47+537511]\n\tGetHandleVerifier [0x006B3402+510050]\n\tOrdinal0 [0x005AF29C+1110684]\n\tOrdinal0 [0x005B938B+1151883]\n\tOrdinal0 [0x005B94F3+1152243]\n\tOrdinal0 [0x005B83F5+1147893]\n\tBaseThreadInitThunk [0x76AE6359+25]\n\tRtlGetAppContainerNamedObjectPath [0x76FB87A4+228]\n\tRtlGetAppContainerNamedObjectPath [0x76FB8774+180]\n\r\n\tat sun.reflect.NativeConstructorAccessorImpl.newInstance0(Native Method)\r\n\tat sun.reflect.NativeConstructorAccessorImpl.newInstance(Unknown Source)\r\n\tat sun.reflect.DelegatingConstructorAccessorImpl.newInstance(Unknown Source)\r\n\tat java.lang.reflect.Constructor.newInstance(Unknown Source)\r\n\tat org.openqa.selenium.remote.W3CHandshakeResponse.lambda$errorHandler$0(W3CHandshakeResponse.java:62)\r\n\tat org.openqa.selenium.remote.HandshakeResponse.lambda$getResponseFunction$0(HandshakeResponse.java:30)\r\n\tat org.openqa.selenium.remote.ProtocolHandshake.lambda$createSession$0(ProtocolHandshake.java:126)\r\n\tat java.util.stream.ReferencePipeline$3$1.accept(Unknown Source)\r\n\tat java.util.Spliterators$ArraySpliterator.tryAdvance(Unknown Source)\r\n\tat java.util.stream.ReferencePipeline.forEachWithCancel(Unknown Source)\r\n\tat java.util.stream.AbstractPipeline.copyIntoWithCancel(Unknown Source)\r\n\tat java.util.stream.AbstractPipeline.copyInto(Unknown Source)\r\n\tat java.util.stream.AbstractPipeline.wrapAndCopyInto(Unknown Source)\r\n\tat java.util.stream.FindOps$FindOp.evaluateSequential(Unknown Source)\r\n\tat java.util.stream.AbstractPipeline.evaluate(Unknown Source)\r\n\tat java.util.stream.ReferencePipeline.findFirst(Unknown Source)\r\n\tat org.openqa.selenium.remote.ProtocolHandshake.createSession(ProtocolHandshake.java:128)\r\n\tat org.openqa.selenium.remote.ProtocolHandshake.createSession(ProtocolHandshake.java:74)\r\n\tat org.openqa.selenium.remote.HttpCommandExecutor.execute(HttpCommandExecutor.java:136)\r\n\tat org.openqa.selenium.remote.service.DriverCommandExecutor.execute(DriverCommandExecutor.java:83)\r\n\tat org.openqa.selenium.remote.RemoteWebDriver.execute(RemoteWebDriver.java:552)\r\n\tat org.openqa.selenium.remote.RemoteWebDriver.startSession(RemoteWebDriver.java:213)\r\n\tat org.openqa.selenium.remote.RemoteWebDriver.<init>(RemoteWebDriver.java:131)\r\n\tat org.openqa.selenium.chrome.ChromeDriver.<init>(ChromeDriver.java:181)\r\n\tat org.openqa.selenium.chrome.ChromeDriver.<init>(ChromeDriver.java:168)\r\n\tat org.openqa.selenium.chrome.ChromeDriver.<init>(ChromeDriver.java:157)\r\n\tat org.getopentest.selenium.core.SeleniumHelper.createDriver(SeleniumHelper.java:91)\r\n\tat org.getopentest.selenium.core.SeleniumHelper.getDriver(SeleniumHelper.java:237)\r\n\tat org.getopentest.selenium.core.SeleniumTestAction.initialize(SeleniumTestAction.java:203)\r\n\tat org.getopentest.base.TestActor.executeAction(TestActor.java:1509)\r\n\tat org.getopentest.base.TestActor.executeActionByClassName(TestActor.java:1603)\r\n\t... 5 more\r\n"}],"name":"Navigation Test","path":"web","timeCompleted":null,"timeStarted":1636762030805}]}},"maxIterations":"1","currentIteration":1,"currentTestIndex":1,"currentSegmentIndex":0,"label":"Session 1636761992","result":"pending","status":"started","tests":[{"actions":[{"action":"org.getopentest.selenium.NavigateTo","actorType":"WEB","args":{"url":"http://localhost:4200/#/"},"isCheckpoint":false,"description":"Navigate to the login page","durationMs":1038,"macroStack":[],"result":"failed","segment":1,"stackTrace":"java.lang.RuntimeException: org.openqa.selenium.WebDriverException: unknown error: cannot find Chrome binary\nBuild info: version: '3.141.59', revision: 'e82be7d358', time: '2018-11-14T08:17:03'\nSystem info: host: 'AOLIVEIRA-N', ip: '192.168.15.189', os.name: 'Windows 10', os.arch: 'x86', os.version: '10.0', java.version: '1.8.0_311'\nDriver info: driver.version: ChromeDriver\nremote stacktrace: Backtrace:\n\tOrdinal0 [0x0061A113+1548563]\n\tOrdinal0 [0x0059DDA1+1039777]\n\tOrdinal0 [0x0051E485+517253]\n\tOrdinal0 [0x004AC0F1+49393]\n\tOrdinal0 [0x004CB797+178071]\n\tOrdinal0 [0x004CB59D+177565]\n\tOrdinal0 [0x004C95FB+169467]\n\tOrdinal0 [0x004B160A+71178]\n\tOrdinal0 [0x004B2690+75408]\n\tOrdinal0 [0x004B2629+75305]\n\tOrdinal0 [0x005B71B7+1143223]\n\tGetHandleVerifier [0x006B2B46+507814]\n\tGetHandleVerifier [0x006B2864+507076]\n\tGetHandleVerifier [0x006B9F47+537511]\n\tGetHandleVerifier [0x006B3402+510050]\n\tOrdinal0 [0x005AF29C+1110684]\n\tOrdinal0 [0x005B938B+1151883]\n\tOrdinal0 [0x005B94F3+1152243]\n\tOrdinal0 [0x005B83F5+1147893]\n\tBaseThreadInitThunk [0x76AE6359+25]\n\tRtlGetAppContainerNamedObjectPath [0x76FB87A4+228]\n\tRtlGetAppContainerNamedObjectPath [0x76FB8774+180]\n\r\n\tat org.getopentest.base.TestActor.executeActionByClassName(TestActor.java:1626)\r\n\tat org.getopentest.base.TestActor.executeActionByDef(TestActor.java:1705)\r\n\tat org.getopentest.base.TestActor.executeTestSegment(TestActor.java:2073)\r\n\tat org.getopentest.base.TestActor.runOneSession(TestActor.java:2981)\r\n\tat org.getopentest.base.TestActor.runOneSession(TestActor.java:3017)\r\n\tat org.getopentest.Main.main(Main.java:20)\r\nCaused by: org.openqa.selenium.WebDriverException: unknown error: cannot find Chrome binary\nBuild info: version: '3.141.59', revision: 'e82be7d358', time: '2018-11-14T08:17:03'\nSystem info: host: 'AOLIVEIRA-N', ip: '192.168.15.189', os.name: 'Windows 10', os.arch: 'x86', os.version: '10.0', java.version: '1.8.0_311'\nDriver info: driver.version: ChromeDriver\nremote stacktrace: Backtrace:\n\tOrdinal0 [0x0061A113+1548563]\n\tOrdinal0 [0x0059DDA1+1039777]\n\tOrdinal0 [0x0051E485+517253]\n\tOrdinal0 [0x004AC0F1+49393]\n\tOrdinal0 [0x004CB797+178071]\n\tOrdinal0 [0x004CB59D+177565]\n\tOrdinal0 [0x004C95FB+169467]\n\tOrdinal0 [0x004B160A+71178]\n\tOrdinal0 [0x004B2690+75408]\n\tOrdinal0 [0x004B2629+75305]\n\tOrdinal0 [0x005B71B7+1143223]\n\tGetHandleVerifier [0x006B2B46+507814]\n\tGetHandleVerifier [0x006B2864+507076]\n\tGetHandleVerifier [0x006B9F47+537511]\n\tGetHandleVerifier [0x006B3402+510050]\n\tOrdinal0 [0x005AF29C+1110684]\n\tOrdinal0 [0x005B938B+1151883]\n\tOrdinal0 [0x005B94F3+1152243]\n\tOrdinal0 [0x005B83F5+1147893]\n\tBaseThreadInitThunk [0x76AE6359+25]\n\tRtlGetAppContainerNamedObjectPath [0x76FB87A4+228]\n\tRtlGetAppContainerNamedObjectPath [0x76FB8774+180]\n\r\n\tat sun.reflect.NativeConstructorAccessorImpl.newInstance0(Native Method)\r\n\tat sun.reflect.NativeConstructorAccessorImpl.newInstance(Unknown Source)\r\n\tat sun.reflect.DelegatingConstructorAccessorImpl.newInstance(Unknown Source)\r\n\tat java.lang.reflect.Constructor.newInstance(Unknown Source)\r\n\tat org.openqa.selenium.remote.W3CHandshakeResponse.lambda$errorHandler$0(W3CHandshakeResponse.java:62)\r\n\tat org.openqa.selenium.remote.HandshakeResponse.lambda$getResponseFunction$0(HandshakeResponse.java:30)\r\n\tat org.openqa.selenium.remote.ProtocolHandshake.lambda$createSession$0(ProtocolHandshake.java:126)\r\n\tat java.util.stream.ReferencePipeline$3$1.accept(Unknown Source)\r\n\tat java.util.Spliterators$ArraySpliterator.tryAdvance(Unknown Source)\r\n\tat java.util.stream.ReferencePipeline.forEachWithCancel(Unknown Source)\r\n\tat java.util.stream.AbstractPipeline.copyIntoWithCancel(Unknown Source)\r\n\tat java.util.stream.AbstractPipeline.copyInto(Unknown Source)\r\n\tat java.util.stream.AbstractPipeline.wrapAndCopyInto(Unknown Source)\r\n\tat java.util.stream.FindOps$FindOp.evaluateSequential(Unknown Source)\r\n\tat java.util.stream.AbstractPipeline.evaluate(Unknown Source)\r\n\tat java.util.stream.ReferencePipeline.findFirst(Unknown Source)\r\n\tat org.openqa.selenium.remote.ProtocolHandshake.createSession(ProtocolHandshake.java:128)\r\n\tat org.openqa.selenium.remote.ProtocolHandshake.createSession(ProtocolHandshake.java:74)\r\n\tat org.openqa.selenium.remote.HttpCommandExecutor.execute(HttpCommandExecutor.java:136)\r\n\tat org.openqa.selenium.remote.service.DriverCommandExecutor.execute(DriverCommandExecutor.java:83)\r\n\tat org.openqa.selenium.remote.RemoteWebDriver.execute(RemoteWebDriver.java:552)\r\n\tat org.openqa.selenium.remote.RemoteWebDriver.startSession(RemoteWebDriver.java:213)\r\n\tat org.openqa.selenium.remote.RemoteWebDriver.<init>(RemoteWebDriver.java:131)\r\n\tat org.openqa.selenium.chrome.ChromeDriver.<init>(ChromeDriver.java:181)\r\n\tat org.openqa.selenium.chrome.ChromeDriver.<init>(ChromeDriver.java:168)\r\n\tat org.openqa.selenium.chrome.ChromeDriver.<init>(ChromeDriver.java:157)\r\n\tat org.getopentest.selenium.core.SeleniumHelper.createDriver(SeleniumHelper.java:91)\r\n\tat org.getopentest.selenium.core.SeleniumHelper.getDriver(SeleniumHelper.java:237)\r\n\tat org.getopentest.selenium.core.SeleniumTestAction.initialize(SeleniumTestAction.java:203)\r\n\tat org.getopentest.base.TestActor.executeAction(TestActor.java:1509)\r\n\tat org.getopentest.base.TestActor.executeActionByClassName(TestActor.java:1603)\r\n\t... 5 more\r\n"}],"currentIteration":1,"currentSegmentIndex":0,"isDataDriven":false,"name":"Navigation Test","path":"web","result":"failed","status":"completed","segments":[{"index":0,"result":"passed","status":"completed","timeStarted":1636762030805,"timeCompleted":1636762030809},{"index":1,"result":"failed","status":"completed","timeStarted":1636762030821,"timeCompleted":1636762031873},{"index":2,"result":"pending","status":"pending"}],"tags":[],"timeStarted":1636762030805,"timeCompleted":1636762031873}],"timeCreated":1636761992331,"timeStarted":1636762030805,"timeCompleted":null,"lastActivity":1636762031872,"_id":"v4fIOFCUWjdZ4m1Q","actorTags":[],"environment":"","currentDataRecordIndex":-1}
{"id":1636761992,"actors":{"17068":{"id":17068,"lastSeenTime":1636762025605,"testSessionId":1636761992,"type":"WEB","tags":[],"_id":"k2L2QeveKamKLE60","ip":"::ffff:127.0.0.1","tests":[{"currentSegmentIndex":1,"segments":[{"index":0,"status":"completed","timeStarted":1636762030805,"timeCompleted":1636762030809,"result":"passed"},{"index":1,"status":"completed","timeStarted":1636762030821,"timeCompleted":1636762031873,"result":"failed","stackTrace":"java.lang.RuntimeException: There was an error while executing action no. 1 (org.getopentest.selenium.NavigateTo) in segment 1 of test web/Navigation Test.\nThe action definition was:\n{\n  \"action\": \"org.getopentest.selenium.NavigateTo\",\n  \"args\": {\n    \"url\": \"http://localhost:4200/#/\"\n  },\n  \"description\": \"Navigate to the login page\"\n}\r\n\tat org.getopentest.base.TestActor.executeTestSegment(TestActor.java:2123)\r\n\tat org.getopentest.base.TestActor.runOneSession(TestActor.java:2981)\r\n\tat org.getopentest.base.TestActor.runOneSession(TestActor.java:3017)\r\n\tat org.getopentest.Main.main(Main.java:20)\r\nCaused by: java.lang.RuntimeException: Failed executing action org.getopentest.selenium.NavigateTo with arguments {\"url\":\"http://localhost:4200/#/\"}\r\n\tat org.getopentest.base.TestActor.executeActionByDef(TestActor.java:1821)\r\n\tat org.getopentest.base.TestActor.executeTestSegment(TestActor.java:2073)\r\n\t... 3 more\r\nCaused by: java.lang.RuntimeException: org.openqa.selenium.WebDriverException: unknown error: cannot find Chrome binary\nBuild info: version: '3.141.59', revision: 'e82be7d358', time: '2018-11-14T08:17:03'\nSystem info: host: 'AOLIVEIRA-N', ip: '192.168.15.189', os.name: 'Windows 10', os.arch: 'x86', os.version: '10.0', java.version: '1.8.0_311'\nDriver info: driver.version: ChromeDriver\nremote stacktrace: Backtrace:\n\tOrdinal0 [0x0061A113+1548563]\n\tOrdinal0 [0x0059DDA1+1039777]\n\tOrdinal0 [0x0051E485+517253]\n\tOrdinal0 [0x004AC0F1+49393]\n\tOrdinal0 [0x004CB797+178071]\n\tOrdinal0 [0x004CB59D+177565]\n\tOrdinal0 [0x004C95FB+169467]\n\tOrdinal0 [0x004B160A+71178]\n\tOrdinal0 [0x004B2690+75408]\n\tOrdinal0 [0x004B2629+75305]\n\tOrdinal0 [0x005B71B7+1143223]\n\tGetHandleVerifier [0x006B2B46+507814]\n\tGetHandleVerifier [0x006B2864+507076]\n\tGetHandleVerifier [0x006B9F47+537511]\n\tGetHandleVerifier [0x006B3402+510050]\n\tOrdinal0 [0x005AF29C+1110684]\n\tOrdinal0 [0x005B938B+1151883]\n\tOrdinal0 [0x005B94F3+1152243]\n\tOrdinal0 [0x005B83F5+1147893]\n\tBaseThreadInitThunk [0x76AE6359+25]\n\tRtlGetAppContainerNamedObjectPath [0x76FB87A4+228]\n\tRtlGetAppContainerNamedObjectPath [0x76FB8774+180]\n\r\n\tat org.getopentest.base.TestActor.executeActionByClassName(TestActor.java:1626)\r\n\tat org.getopentest.base.TestActor.executeActionByDef(TestActor.java:1705)\r\n\t... 4 more\r\nCaused by: org.openqa.selenium.WebDriverException: unknown error: cannot find Chrome binary\nBuild info: version: '3.141.59', revision: 'e82be7d358', time: '2018-11-14T08:17:03'\nSystem info: host: 'AOLIVEIRA-N', ip: '192.168.15.189', os.name: 'Windows 10', os.arch: 'x86', os.version: '10.0', java.version: '1.8.0_311'\nDriver info: driver.version: ChromeDriver\nremote stacktrace: Backtrace:\n\tOrdinal0 [0x0061A113+1548563]\n\tOrdinal0 [0x0059DDA1+1039777]\n\tOrdinal0 [0x0051E485+517253]\n\tOrdinal0 [0x004AC0F1+49393]\n\tOrdinal0 [0x004CB797+178071]\n\tOrdinal0 [0x004CB59D+177565]\n\tOrdinal0 [0x004C95FB+169467]\n\tOrdinal0 [0x004B160A+71178]\n\tOrdinal0 [0x004B2690+75408]\n\tOrdinal0 [0x004B2629+75305]\n\tOrdinal0 [0x005B71B7+1143223]\n\tGetHandleVerifier [0x006B2B46+507814]\n\tGetHandleVerifier [0x006B2864+507076]\n\tGetHandleVerifier [0x006B9F47+537511]\n\tGetHandleVerifier [0x006B3402+510050]\n\tOrdinal0 [0x005AF29C+1110684]\n\tOrdinal0 [0x005B938B+1151883]\n\tOrdinal0 [0x005B94F3+1152243]\n\tOrdinal0 [0x005B83F5+1147893]\n\tBaseThreadInitThunk [0x76AE6359+25]\n\tRtlGetAppContainerNamedObjectPath [0x76FB87A4+228]\n\tRtlGetAppContainerNamedObjectPath [0x76FB8774+180]\n\r\n\tat sun.reflect.NativeConstructorAccessorImpl.newInstance0(Native Method)\r\n\tat sun.reflect.NativeConstructorAccessorImpl.newInstance(Unknown Source)\r\n\tat sun.reflect.DelegatingConstructorAccessorImpl.newInstance(Unknown Source)\r\n\tat java.lang.reflect.Constructor.newInstance(Unknown Source)\r\n\tat org.openqa.selenium.remote.W3CHandshakeResponse.lambda$errorHandler$0(W3CHandshakeResponse.java:62)\r\n\tat org.openqa.selenium.remote.HandshakeResponse.lambda$getResponseFunction$0(HandshakeResponse.java:30)\r\n\tat org.openqa.selenium.remote.ProtocolHandshake.lambda$createSession$0(ProtocolHandshake.java:126)\r\n\tat java.util.stream.ReferencePipeline$3$1.accept(Unknown Source)\r\n\tat java.util.Spliterators$ArraySpliterator.tryAdvance(Unknown Source)\r\n\tat java.util.stream.ReferencePipeline.forEachWithCancel(Unknown Source)\r\n\tat java.util.stream.AbstractPipeline.copyIntoWithCancel(Unknown Source)\r\n\tat java.util.stream.AbstractPipeline.copyInto(Unknown Source)\r\n\tat java.util.stream.AbstractPipeline.wrapAndCopyInto(Unknown Source)\r\n\tat java.util.stream.FindOps$FindOp.evaluateSequential(Unknown Source)\r\n\tat java.util.stream.AbstractPipeline.evaluate(Unknown Source)\r\n\tat java.util.stream.ReferencePipeline.findFirst(Unknown Source)\r\n\tat org.openqa.selenium.remote.ProtocolHandshake.createSession(ProtocolHandshake.java:128)\r\n\tat org.openqa.selenium.remote.ProtocolHandshake.createSession(ProtocolHandshake.java:74)\r\n\tat org.openqa.selenium.remote.HttpCommandExecutor.execute(HttpCommandExecutor.java:136)\r\n\tat org.openqa.selenium.remote.service.DriverCommandExecutor.execute(DriverCommandExecutor.java:83)\r\n\tat org.openqa.selenium.remote.RemoteWebDriver.execute(RemoteWebDriver.java:552)\r\n\tat org.openqa.selenium.remote.RemoteWebDriver.startSession(RemoteWebDriver.java:213)\r\n\tat org.openqa.selenium.remote.RemoteWebDriver.<init>(RemoteWebDriver.java:131)\r\n\tat org.openqa.selenium.chrome.ChromeDriver.<init>(ChromeDriver.java:181)\r\n\tat org.openqa.selenium.chrome.ChromeDriver.<init>(ChromeDriver.java:168)\r\n\tat org.openqa.selenium.chrome.ChromeDriver.<init>(ChromeDriver.java:157)\r\n\tat org.getopentest.selenium.core.SeleniumHelper.createDriver(SeleniumHelper.java:91)\r\n\tat org.getopentest.selenium.core.SeleniumHelper.getDriver(SeleniumHelper.java:237)\r\n\tat org.getopentest.selenium.core.SeleniumTestAction.initialize(SeleniumTestAction.java:203)\r\n\tat org.getopentest.base.TestActor.executeAction(TestActor.java:1509)\r\n\tat org.getopentest.base.TestActor.executeActionByClassName(TestActor.java:1603)\r\n\t... 5 more\r\n"}],"name":"Navigation Test","path":"web","timeCompleted":null,"timeStarted":1636762030805}]}},"maxIterations":"1","currentIteration":1,"currentTestIndex":1,"currentSegmentIndex":0,"label":"Session 1636761992","result":"failed","status":"completed","tests":[{"actions":[{"action":"org.getopentest.selenium.NavigateTo","actorType":"WEB","args":{"url":"http://localhost:4200/#/"},"isCheckpoint":false,"description":"Navigate to the login page","durationMs":1038,"macroStack":[],"result":"failed","segment":1,"stackTrace":"java.lang.RuntimeException: org.openqa.selenium.WebDriverException: unknown error: cannot find Chrome binary\nBuild info: version: '3.141.59', revision: 'e82be7d358', time: '2018-11-14T08:17:03'\nSystem info: host: 'AOLIVEIRA-N', ip: '192.168.15.189', os.name: 'Windows 10', os.arch: 'x86', os.version: '10.0', java.version: '1.8.0_311'\nDriver info: driver.version: ChromeDriver\nremote stacktrace: Backtrace:\n\tOrdinal0 [0x0061A113+1548563]\n\tOrdinal0 [0x0059DDA1+1039777]\n\tOrdinal0 [0x0051E485+517253]\n\tOrdinal0 [0x004AC0F1+49393]\n\tOrdinal0 [0x004CB797+178071]\n\tOrdinal0 [0x004CB59D+177565]\n\tOrdinal0 [0x004C95FB+169467]\n\tOrdinal0 [0x004B160A+71178]\n\tOrdinal0 [0x004B2690+75408]\n\tOrdinal0 [0x004B2629+75305]\n\tOrdinal0 [0x005B71B7+1143223]\n\tGetHandleVerifier [0x006B2B46+507814]\n\tGetHandleVerifier [0x006B2864+507076]\n\tGetHandleVerifier [0x006B9F47+537511]\n\tGetHandleVerifier [0x006B3402+510050]\n\tOrdinal0 [0x005AF29C+1110684]\n\tOrdinal0 [0x005B938B+1151883]\n\tOrdinal0 [0x005B94F3+1152243]\n\tOrdinal0 [0x005B83F5+1147893]\n\tBaseThreadInitThunk [0x76AE6359+25]\n\tRtlGetAppContainerNamedObjectPath [0x76FB87A4+228]\n\tRtlGetAppContainerNamedObjectPath [0x76FB8774+180]\n\r\n\tat org.getopentest.base.TestActor.executeActionByClassName(TestActor.java:1626)\r\n\tat org.getopentest.base.TestActor.executeActionByDef(TestActor.java:1705)\r\n\tat org.getopentest.base.TestActor.executeTestSegment(TestActor.java:2073)\r\n\tat org.getopentest.base.TestActor.runOneSession(TestActor.java:2981)\r\n\tat org.getopentest.base.TestActor.runOneSession(TestActor.java:3017)\r\n\tat org.getopentest.Main.main(Main.java:20)\r\nCaused by: org.openqa.selenium.WebDriverException: unknown error: cannot find Chrome binary\nBuild info: version: '3.141.59', revision: 'e82be7d358', time: '2018-11-14T08:17:03'\nSystem info: host: 'AOLIVEIRA-N', ip: '192.168.15.189', os.name: 'Windows 10', os.arch: 'x86', os.version: '10.0', java.version: '1.8.0_311'\nDriver info: driver.version: ChromeDriver\nremote stacktrace: Backtrace:\n\tOrdinal0 [0x0061A113+1548563]\n\tOrdinal0 [0x0059DDA1+1039777]\n\tOrdinal0 [0x0051E485+517253]\n\tOrdinal0 [0x004AC0F1+49393]\n\tOrdinal0 [0x004CB797+178071]\n\tOrdinal0 [0x004CB59D+177565]\n\tOrdinal0 [0x004C95FB+169467]\n\tOrdinal0 [0x004B160A+71178]\n\tOrdinal0 [0x004B2690+75408]\n\tOrdinal0 [0x004B2629+75305]\n\tOrdinal0 [0x005B71B7+1143223]\n\tGetHandleVerifier [0x006B2B46+507814]\n\tGetHandleVerifier [0x006B2864+507076]\n\tGetHandleVerifier [0x006B9F47+537511]\n\tGetHandleVerifier [0x006B3402+510050]\n\tOrdinal0 [0x005AF29C+1110684]\n\tOrdinal0 [0x005B938B+1151883]\n\tOrdinal0 [0x005B94F3+1152243]\n\tOrdinal0 [0x005B83F5+1147893]\n\tBaseThreadInitThunk [0x76AE6359+25]\n\tRtlGetAppContainerNamedObjectPath [0x76FB87A4+228]\n\tRtlGetAppContainerNamedObjectPath [0x76FB8774+180]\n\r\n\tat sun.reflect.NativeConstructorAccessorImpl.newInstance0(Native Method)\r\n\tat sun.reflect.NativeConstructorAccessorImpl.newInstance(Unknown Source)\r\n\tat sun.reflect.DelegatingConstructorAccessorImpl.newInstance(Unknown Source)\r\n\tat java.lang.reflect.Constructor.newInstance(Unknown Source)\r\n\tat org.openqa.selenium.remote.W3CHandshakeResponse.lambda$errorHandler$0(W3CHandshakeResponse.java:62)\r\n\tat org.openqa.selenium.remote.HandshakeResponse.lambda$getResponseFunction$0(HandshakeResponse.java:30)\r\n\tat org.openqa.selenium.remote.ProtocolHandshake.lambda$createSession$0(ProtocolHandshake.java:126)\r\n\tat java.util.stream.ReferencePipeline$3$1.accept(Unknown Source)\r\n\tat java.util.Spliterators$ArraySpliterator.tryAdvance(Unknown Source)\r\n\tat java.util.stream.ReferencePipeline.forEachWithCancel(Unknown Source)\r\n\tat java.util.stream.AbstractPipeline.copyIntoWithCancel(Unknown Source)\r\n\tat java.util.stream.AbstractPipeline.copyInto(Unknown Source)\r\n\tat java.util.stream.AbstractPipeline.wrapAndCopyInto(Unknown Source)\r\n\tat java.util.stream.FindOps$FindOp.evaluateSequential(Unknown Source)\r\n\tat java.util.stream.AbstractPipeline.evaluate(Unknown Source)\r\n\tat java.util.stream.ReferencePipeline.findFirst(Unknown Source)\r\n\tat org.openqa.selenium.remote.ProtocolHandshake.createSession(ProtocolHandshake.java:128)\r\n\tat org.openqa.selenium.remote.ProtocolHandshake.createSession(ProtocolHandshake.java:74)\r\n\tat org.openqa.selenium.remote.HttpCommandExecutor.execute(HttpCommandExecutor.java:136)\r\n\tat org.openqa.selenium.remote.service.DriverCommandExecutor.execute(DriverCommandExecutor.java:83)\r\n\tat org.openqa.selenium.remote.RemoteWebDriver.execute(RemoteWebDriver.java:552)\r\n\tat org.openqa.selenium.remote.RemoteWebDriver.startSession(RemoteWebDriver.java:213)\r\n\tat org.openqa.selenium.remote.RemoteWebDriver.<init>(RemoteWebDriver.java:131)\r\n\tat org.openqa.selenium.chrome.ChromeDriver.<init>(ChromeDriver.java:181)\r\n\tat org.openqa.selenium.chrome.ChromeDriver.<init>(ChromeDriver.java:168)\r\n\tat org.openqa.selenium.chrome.ChromeDriver.<init>(ChromeDriver.java:157)\r\n\tat org.getopentest.selenium.core.SeleniumHelper.createDriver(SeleniumHelper.java:91)\r\n\tat org.getopentest.selenium.core.SeleniumHelper.getDriver(SeleniumHelper.java:237)\r\n\tat org.getopentest.selenium.core.SeleniumTestAction.initialize(SeleniumTestAction.java:203)\r\n\tat org.getopentest.base.TestActor.executeAction(TestActor.java:1509)\r\n\tat org.getopentest.base.TestActor.executeActionByClassName(TestActor.java:1603)\r\n\t... 5 more\r\n"}],"currentIteration":1,"currentSegmentIndex":0,"isDataDriven":false,"name":"Navigation Test","path":"web","result":"failed","status":"completed","segments":[{"index":0,"result":"passed","status":"completed","timeStarted":1636762030805,"timeCompleted":1636762030809},{"index":1,"result":"failed","status":"completed","timeStarted":1636762030821,"timeCompleted":1636762031873},{"index":2,"result":"pending","status":"pending"}],"tags":[],"timeStarted":1636762030805,"timeCompleted":1636762031873}],"timeCreated":1636761992331,"timeStarted":1636762030805,"timeCompleted":1636762031873,"lastActivity":1636762031872,"_id":"v4fIOFCUWjdZ4m1Q","actorTags":[],"environment":"","currentDataRecordIndex":-1}
